2021-02-19 13:52:19 - eVOLVER - [INFO] - setting initial OD reading
2021-02-19 14:38:39 - eVOLVER - [INFO] - actual temperature doesn't match configuration (yet? max deltaT is 0.22)
2021-02-19 14:52:14 - eVOLVER - [INFO] - resetting connection to eVOLVER to avoid potential buildup of broadcast messages
2021-02-19 14:52:15 - eVOLVER - [INFO] - reconnected to eVOLVER as client
2021-02-19 15:03:20 - eVOLVER - [INFO] - actual temperature doesn't match configuration (yet? max deltaT is 0.22)
2021-02-19 15:20:20 - eVOLVER - [INFO] - actual temperature doesn't match configuration (yet? max deltaT is 0.25)
2021-02-19 15:37:00 - eVOLVER - [INFO] - actual temperature doesn't match configuration (yet? max deltaT is 0.21)
2021-02-19 15:52:15 - eVOLVER - [INFO] - resetting connection to eVOLVER to avoid potential buildup of broadcast messages
2021-02-19 15:52:15 - eVOLVER - [INFO] - reconnected to eVOLVER as client
2021-02-19 16:05:39 - eVOLVER - [INFO] - actual temperature doesn't match configuration (yet? max deltaT is 0.21)
2021-02-19 16:15:19 - eVOLVER - [INFO] - actual temperature doesn't match configuration (yet? max deltaT is 0.25)
2021-02-19 16:19:39 - eVOLVER - [INFO] - actual temperature doesn't match configuration (yet? max deltaT is 0.21)
2021-02-19 16:28:39 - eVOLVER - [INFO] - actual temperature doesn't match configuration (yet? max deltaT is 0.22)
2021-02-19 16:46:00 - eVOLVER - [INFO] - actual temperature doesn't match configuration (yet? max deltaT is 0.21)
2021-02-19 16:52:16 - eVOLVER - [INFO] - resetting connection to eVOLVER to avoid potential buildup of broadcast messages
2021-02-19 16:52:16 - eVOLVER - [INFO] - reconnected to eVOLVER as client
2021-02-19 17:12:19 - eVOLVER - [INFO] - actual temperature doesn't match configuration (yet? max deltaT is 0.22)
2021-02-19 17:27:39 - eVOLVER - [INFO] - actual temperature doesn't match configuration (yet? max deltaT is 0.32)
2021-02-19 17:36:20 - eVOLVER - [INFO] - actual temperature doesn't match configuration (yet? max deltaT is 0.21)
2021-02-19 17:52:17 - eVOLVER - [INFO] - resetting connection to eVOLVER to avoid potential buildup of broadcast messages
2021-02-19 17:52:17 - eVOLVER - [INFO] - reconnected to eVOLVER as client
2021-02-19 18:49:39 - eVOLVER - [INFO] - actual temperature doesn't match configuration (yet? max deltaT is 0.49)
2021-02-19 18:52:17 - eVOLVER - [INFO] - resetting connection to eVOLVER to avoid potential buildup of broadcast messages
2021-02-19 18:52:17 - eVOLVER - [INFO] - reconnected to eVOLVER as client
2021-02-19 19:52:18 - eVOLVER - [INFO] - resetting connection to eVOLVER to avoid potential buildup of broadcast messages
2021-02-19 19:52:18 - eVOLVER - [INFO] - reconnected to eVOLVER as client
2021-02-19 20:05:00 - eVOLVER - [INFO] - actual temperature doesn't match configuration (yet? max deltaT is 0.22)
2021-02-19 20:09:39 - eVOLVER - [INFO] - actual temperature doesn't match configuration (yet? max deltaT is 0.25)
2021-02-19 20:44:40 - eVOLVER - [INFO] - actual temperature doesn't match configuration (yet? max deltaT is 0.21)
2021-02-19 20:52:18 - eVOLVER - [INFO] - resetting connection to eVOLVER to avoid potential buildup of broadcast messages
2021-02-19 20:52:18 - eVOLVER - [INFO] - reconnected to eVOLVER as client
2021-02-19 21:19:00 - eVOLVER - [INFO] - actual temperature doesn't match configuration (yet? max deltaT is 0.33)
2021-02-19 21:30:00 - eVOLVER - [INFO] - actual temperature doesn't match configuration (yet? max deltaT is 0.22)
2021-02-19 21:52:19 - eVOLVER - [INFO] - resetting connection to eVOLVER to avoid potential buildup of broadcast messages
2021-02-19 21:52:19 - eVOLVER - [INFO] - reconnected to eVOLVER as client
2021-02-19 22:52:20 - eVOLVER - [INFO] - resetting connection to eVOLVER to avoid potential buildup of broadcast messages
2021-02-19 22:52:20 - eVOLVER - [INFO] - reconnected to eVOLVER as client
2021-02-19 22:57:20 - eVOLVER - [INFO] - actual temperature doesn't match configuration (yet? max deltaT is 0.21)
2021-02-19 23:08:00 - eVOLVER - [INFO] - actual temperature doesn't match configuration (yet? max deltaT is 0.21)
2021-02-19 23:32:20 - eVOLVER - [INFO] - actual temperature doesn't match configuration (yet? max deltaT is 0.22)
2021-02-19 23:43:40 - eVOLVER - [INFO] - actual temperature doesn't match configuration (yet? max deltaT is 0.21)
2021-02-19 23:44:00 - eVOLVER - [INFO] - actual temperature doesn't match configuration (yet? max deltaT is 0.22)
2021-02-19 23:52:20 - eVOLVER - [INFO] - resetting connection to eVOLVER to avoid potential buildup of broadcast messages
2021-02-19 23:52:20 - eVOLVER - [INFO] - reconnected to eVOLVER as client
2021-02-20 00:13:20 - eVOLVER - [INFO] - actual temperature doesn't match configuration (yet? max deltaT is 0.25)
2021-02-20 00:52:21 - eVOLVER - [INFO] - resetting connection to eVOLVER to avoid potential buildup of broadcast messages
2021-02-20 00:52:21 - eVOLVER - [INFO] - reconnected to eVOLVER as client
2021-02-20 01:07:00 - eVOLVER - [INFO] - actual temperature doesn't match configuration (yet? max deltaT is 0.21)
2021-02-20 01:18:01 - eVOLVER - [INFO] - actual temperature doesn't match configuration (yet? max deltaT is 0.21)
2021-02-20 01:21:21 - eVOLVER - [INFO] - actual temperature doesn't match configuration (yet? max deltaT is 0.21)
2021-02-20 01:23:00 - eVOLVER - [INFO] - actual temperature doesn't match configuration (yet? max deltaT is 0.21)
2021-02-20 01:52:22 - eVOLVER - [INFO] - resetting connection to eVOLVER to avoid potential buildup of broadcast messages
2021-02-20 01:52:22 - eVOLVER - [INFO] - reconnected to eVOLVER as client
2021-02-20 01:57:00 - eVOLVER - [INFO] - actual temperature doesn't match configuration (yet? max deltaT is 0.20)
2021-02-20 02:03:00 - eVOLVER - [INFO] - actual temperature doesn't match configuration (yet? max deltaT is 0.22)
2021-02-20 02:23:21 - eVOLVER - [INFO] - actual temperature doesn't match configuration (yet? max deltaT is 0.22)
2021-02-20 02:28:21 - eVOLVER - [INFO] - actual temperature doesn't match configuration (yet? max deltaT is 0.24)
2021-02-20 02:52:22 - eVOLVER - [INFO] - resetting connection to eVOLVER to avoid potential buildup of broadcast messages
2021-02-20 02:52:23 - eVOLVER - [INFO] - reconnected to eVOLVER as client
2021-02-20 02:55:41 - eVOLVER - [INFO] - actual temperature doesn't match configuration (yet? max deltaT is 0.37)
2021-02-20 03:15:40 - eVOLVER - [INFO] - actual temperature doesn't match configuration (yet? max deltaT is 0.22)
2021-02-20 03:52:23 - eVOLVER - [INFO] - resetting connection to eVOLVER to avoid potential buildup of broadcast messages
2021-02-20 03:52:23 - eVOLVER - [INFO] - reconnected to eVOLVER as client
2021-02-20 04:11:01 - eVOLVER - [INFO] - actual temperature doesn't match configuration (yet? max deltaT is 0.26)
2021-02-20 04:37:40 - eVOLVER - [INFO] - actual temperature doesn't match configuration (yet? max deltaT is 0.21)
2021-02-20 04:52:23 - eVOLVER - [INFO] - resetting connection to eVOLVER to avoid potential buildup of broadcast messages
2021-02-20 04:52:23 - eVOLVER - [INFO] - reconnected to eVOLVER as client
2021-02-20 05:17:20 - eVOLVER - [INFO] - actual temperature doesn't match configuration (yet? max deltaT is 0.22)
2021-02-20 05:26:40 - eVOLVER - [INFO] - actual temperature doesn't match configuration (yet? max deltaT is 0.22)
2021-02-20 05:51:20 - eVOLVER - [INFO] - actual temperature doesn't match configuration (yet? max deltaT is 0.22)
2021-02-20 05:52:24 - eVOLVER - [INFO] - resetting connection to eVOLVER to avoid potential buildup of broadcast messages
2021-02-20 05:52:24 - eVOLVER - [INFO] - reconnected to eVOLVER as client
2021-02-20 06:23:20 - eVOLVER - [INFO] - actual temperature doesn't match configuration (yet? max deltaT is 0.22)
2021-02-20 06:34:20 - eVOLVER - [INFO] - actual temperature doesn't match configuration (yet? max deltaT is 0.21)
2021-02-20 06:52:25 - eVOLVER - [INFO] - resetting connection to eVOLVER to avoid potential buildup of broadcast messages
2021-02-20 06:52:25 - eVOLVER - [INFO] - reconnected to eVOLVER as client
2021-02-20 07:22:20 - eVOLVER - [INFO] - actual temperature doesn't match configuration (yet? max deltaT is 0.34)
2021-02-20 07:23:40 - eVOLVER - [INFO] - actual temperature doesn't match configuration (yet? max deltaT is 0.37)
2021-02-20 07:34:40 - eVOLVER - [INFO] - actual temperature doesn't match configuration (yet? max deltaT is 0.21)
2021-02-20 07:48:21 - eVOLVER - [INFO] - actual temperature doesn't match configuration (yet? max deltaT is 0.22)
2021-02-20 07:50:41 - eVOLVER - [INFO] - actual temperature doesn't match configuration (yet? max deltaT is 0.21)
2021-02-20 07:52:25 - eVOLVER - [INFO] - resetting connection to eVOLVER to avoid potential buildup of broadcast messages
2021-02-20 07:52:25 - eVOLVER - [INFO] - reconnected to eVOLVER as client
2021-02-20 07:53:00 - eVOLVER - [INFO] - actual temperature doesn't match configuration (yet? max deltaT is 0.22)
2021-02-20 07:56:21 - eVOLVER - [INFO] - actual temperature doesn't match configuration (yet? max deltaT is 0.21)
2021-02-20 08:05:21 - eVOLVER - [INFO] - actual temperature doesn't match configuration (yet? max deltaT is 0.22)
2021-02-20 08:13:01 - eVOLVER - [INFO] - actual temperature doesn't match configuration (yet? max deltaT is 0.22)
2021-02-20 08:52:25 - eVOLVER - [INFO] - resetting connection to eVOLVER to avoid potential buildup of broadcast messages
2021-02-20 08:52:25 - eVOLVER - [INFO] - reconnected to eVOLVER as client
2021-02-20 09:40:41 - eVOLVER - [INFO] - actual temperature doesn't match configuration (yet? max deltaT is 0.22)
2021-02-20 09:43:01 - eVOLVER - [INFO] - actual temperature doesn't match configuration (yet? max deltaT is 0.24)
2021-02-20 09:52:26 - eVOLVER - [INFO] - resetting connection to eVOLVER to avoid potential buildup of broadcast messages
2021-02-20 09:52:26 - eVOLVER - [INFO] - reconnected to eVOLVER as client
2021-02-20 10:06:01 - eVOLVER - [INFO] - actual temperature doesn't match configuration (yet? max deltaT is 0.23)
2021-02-20 10:42:40 - eVOLVER - [INFO] - actual temperature doesn't match configuration (yet? max deltaT is 0.22)
2021-02-20 10:52:27 - eVOLVER - [INFO] - resetting connection to eVOLVER to avoid potential buildup of broadcast messages
2021-02-20 10:52:27 - eVOLVER - [INFO] - reconnected to eVOLVER as client
2021-02-20 11:04:21 - eVOLVER - [INFO] - actual temperature doesn't match configuration (yet? max deltaT is 0.24)
2021-02-20 11:33:01 - eVOLVER - [INFO] - actual temperature doesn't match configuration (yet? max deltaT is 0.30)
2021-02-20 11:48:41 - eVOLVER - [INFO] - actual temperature doesn't match configuration (yet? max deltaT is 0.21)
2021-02-20 11:51:01 - eVOLVER - [INFO] - actual temperature doesn't match configuration (yet? max deltaT is 0.22)
2021-02-20 11:52:28 - eVOLVER - [INFO] - resetting connection to eVOLVER to avoid potential buildup of broadcast messages
2021-02-20 11:52:28 - eVOLVER - [INFO] - reconnected to eVOLVER as client
2021-02-20 12:12:21 - eVOLVER - [INFO] - actual temperature doesn't match configuration (yet? max deltaT is 0.22)
2021-02-20 12:52:29 - eVOLVER - [INFO] - resetting connection to eVOLVER to avoid potential buildup of broadcast messages
2021-02-20 12:52:29 - eVOLVER - [INFO] - reconnected to eVOLVER as client
2021-02-20 12:59:41 - eVOLVER - [INFO] - actual temperature doesn't match configuration (yet? max deltaT is 0.23)
2021-02-20 13:01:21 - eVOLVER - [INFO] - actual temperature doesn't match configuration (yet? max deltaT is 0.22)
2021-02-20 13:39:41 - eVOLVER - [INFO] - actual temperature doesn't match configuration (yet? max deltaT is 0.23)
2021-02-20 13:40:41 - eVOLVER - [INFO] - actual temperature doesn't match configuration (yet? max deltaT is 0.36)
2021-02-20 13:41:01 - eVOLVER - [INFO] - actual temperature doesn't match configuration (yet? max deltaT is 0.33)
2021-02-20 13:41:21 - eVOLVER - [INFO] - actual temperature doesn't match configuration (yet? max deltaT is 0.25)
2021-02-20 13:42:41 - eVOLVER - [INFO] - actual temperature doesn't match configuration (yet? max deltaT is 0.22)
2021-02-20 13:51:21 - eVOLVER - [INFO] - actual temperature doesn't match configuration (yet? max deltaT is 0.21)
2021-02-20 13:52:01 - eVOLVER - [INFO] - actual temperature doesn't match configuration (yet? max deltaT is 0.21)
2021-02-20 13:52:29 - eVOLVER - [INFO] - resetting connection to eVOLVER to avoid potential buildup of broadcast messages
2021-02-20 13:52:29 - eVOLVER - [INFO] - reconnected to eVOLVER as client
2021-02-20 14:30:01 - eVOLVER - [INFO] - actual temperature doesn't match configuration (yet? max deltaT is 0.21)
2021-02-20 14:52:30 - eVOLVER - [INFO] - resetting connection to eVOLVER to avoid potential buildup of broadcast messages
2021-02-20 14:52:30 - eVOLVER - [INFO] - reconnected to eVOLVER as client
2021-02-20 15:16:01 - eVOLVER - [INFO] - actual temperature doesn't match configuration (yet? max deltaT is 0.25)
2021-02-20 15:32:41 - eVOLVER - [INFO] - actual temperature doesn't match configuration (yet? max deltaT is 0.22)
2021-02-20 15:33:11 - eVOLVER - [WARNING] - interrupt received, pausing experiment
2021-02-20 15:33:11 - eVOLVER - [INFO] - stopping all pumps
2021-02-20 15:34:39 - eVOLVER - [WARNING] - second interrupt received, terminating experiment
2021-02-20 15:34:39 - eVOLVER - [INFO] - stopping all pumps
2021-02-20 15:34:39 - eVOLVER - [WARNING] - experiment stopped, goodbye!
2021-02-20 15:34:39 - eVOLVER - [INFO] - stopping all pumps
