2021-02-25 15:27:03 - eVOLVER - [INFO] - updating temperatures (max. deltaT is 0.52)
2021-02-25 15:27:03 - eVOLVER - [INFO] - setting initial OD reading
2021-02-25 15:27:21 - eVOLVER - [INFO] - actual temperature doesn't match configuration (yet? max deltaT is 5.11)
2021-02-25 15:27:42 - eVOLVER - [INFO] - actual temperature doesn't match configuration (yet? max deltaT is 5.02)
2021-02-25 15:28:01 - eVOLVER - [INFO] - actual temperature doesn't match configuration (yet? max deltaT is 4.99)
2021-02-25 15:28:21 - eVOLVER - [INFO] - actual temperature doesn't match configuration (yet? max deltaT is 4.94)
2021-02-25 15:28:42 - eVOLVER - [INFO] - actual temperature doesn't match configuration (yet? max deltaT is 4.77)
2021-02-25 15:29:02 - eVOLVER - [INFO] - actual temperature doesn't match configuration (yet? max deltaT is 4.62)
2021-02-25 15:29:22 - eVOLVER - [INFO] - actual temperature doesn't match configuration (yet? max deltaT is 4.51)
2021-02-25 15:29:41 - eVOLVER - [INFO] - actual temperature doesn't match configuration (yet? max deltaT is 4.37)
2021-02-25 15:30:01 - eVOLVER - [INFO] - actual temperature doesn't match configuration (yet? max deltaT is 4.17)
2021-02-25 15:30:21 - eVOLVER - [INFO] - actual temperature doesn't match configuration (yet? max deltaT is 4.08)
2021-02-25 15:30:42 - eVOLVER - [INFO] - actual temperature doesn't match configuration (yet? max deltaT is 3.88)
2021-02-25 15:31:02 - eVOLVER - [INFO] - actual temperature doesn't match configuration (yet? max deltaT is 3.74)
2021-02-25 15:31:22 - eVOLVER - [INFO] - actual temperature doesn't match configuration (yet? max deltaT is 3.62)
2021-02-25 15:31:41 - eVOLVER - [INFO] - actual temperature doesn't match configuration (yet? max deltaT is 3.48)
2021-02-25 15:32:01 - eVOLVER - [INFO] - actual temperature doesn't match configuration (yet? max deltaT is 3.25)
2021-02-25 15:32:22 - eVOLVER - [INFO] - actual temperature doesn't match configuration (yet? max deltaT is 3.20)
2021-02-25 15:32:42 - eVOLVER - [INFO] - actual temperature doesn't match configuration (yet? max deltaT is 3.05)
2021-02-25 15:33:01 - eVOLVER - [INFO] - actual temperature doesn't match configuration (yet? max deltaT is 2.85)
2021-02-25 15:33:21 - eVOLVER - [INFO] - actual temperature doesn't match configuration (yet? max deltaT is 2.83)
2021-02-25 15:33:41 - eVOLVER - [INFO] - actual temperature doesn't match configuration (yet? max deltaT is 2.63)
2021-02-25 15:34:02 - eVOLVER - [INFO] - actual temperature doesn't match configuration (yet? max deltaT is 2.57)
2021-02-25 15:34:21 - eVOLVER - [INFO] - actual temperature doesn't match configuration (yet? max deltaT is 2.40)
2021-02-25 15:34:41 - eVOLVER - [INFO] - actual temperature doesn't match configuration (yet? max deltaT is 2.28)
2021-02-25 15:35:01 - eVOLVER - [INFO] - actual temperature doesn't match configuration (yet? max deltaT is 2.17)
2021-02-25 15:35:22 - eVOLVER - [INFO] - actual temperature doesn't match configuration (yet? max deltaT is 2.06)
2021-02-25 15:35:41 - eVOLVER - [INFO] - actual temperature doesn't match configuration (yet? max deltaT is 2.00)
2021-02-25 15:36:01 - eVOLVER - [INFO] - actual temperature doesn't match configuration (yet? max deltaT is 1.83)
2021-02-25 15:36:21 - eVOLVER - [INFO] - actual temperature doesn't match configuration (yet? max deltaT is 1.71)
2021-02-25 15:36:41 - eVOLVER - [INFO] - actual temperature doesn't match configuration (yet? max deltaT is 1.57)
2021-02-25 15:37:02 - eVOLVER - [INFO] - actual temperature doesn't match configuration (yet? max deltaT is 1.51)
2021-02-25 15:37:21 - eVOLVER - [INFO] - actual temperature doesn't match configuration (yet? max deltaT is 1.43)
2021-02-25 15:37:41 - eVOLVER - [INFO] - actual temperature doesn't match configuration (yet? max deltaT is 1.26)
2021-02-25 15:38:02 - eVOLVER - [INFO] - actual temperature doesn't match configuration (yet? max deltaT is 1.14)
2021-02-25 15:38:21 - eVOLVER - [INFO] - actual temperature doesn't match configuration (yet? max deltaT is 1.03)
2021-02-25 15:38:42 - eVOLVER - [INFO] - actual temperature doesn't match configuration (yet? max deltaT is 0.86)
2021-02-25 15:39:01 - eVOLVER - [INFO] - actual temperature doesn't match configuration (yet? max deltaT is 0.83)
2021-02-25 15:39:22 - eVOLVER - [INFO] - actual temperature doesn't match configuration (yet? max deltaT is 0.71)
2021-02-25 15:39:42 - eVOLVER - [INFO] - actual temperature doesn't match configuration (yet? max deltaT is 0.66)
2021-02-25 15:40:01 - eVOLVER - [INFO] - actual temperature doesn't match configuration (yet? max deltaT is 0.57)
2021-02-25 15:40:21 - eVOLVER - [INFO] - actual temperature doesn't match configuration (yet? max deltaT is 0.46)
2021-02-25 15:40:42 - eVOLVER - [INFO] - actual temperature doesn't match configuration (yet? max deltaT is 0.29)
2021-02-25 15:41:01 - eVOLVER - [INFO] - actual temperature doesn't match configuration (yet? max deltaT is 0.20)
2021-02-25 16:27:01 - eVOLVER - [INFO] - resetting connection to eVOLVER to avoid potential buildup of broadcast messages
2021-02-25 16:27:01 - eVOLVER - [INFO] - reconnected to eVOLVER as client
2021-02-25 16:40:01 - eVOLVER - [INFO] - actual temperature doesn't match configuration (yet? max deltaT is 0.22)
2021-02-25 17:27:01 - eVOLVER - [INFO] - resetting connection to eVOLVER to avoid potential buildup of broadcast messages
2021-02-25 17:27:01 - eVOLVER - [INFO] - reconnected to eVOLVER as client
2021-02-25 17:46:21 - eVOLVER - [INFO] - actual temperature doesn't match configuration (yet? max deltaT is 0.26)
2021-02-25 17:55:01 - eVOLVER - [INFO] - actual temperature doesn't match configuration (yet? max deltaT is 0.22)
2021-02-25 18:27:02 - eVOLVER - [INFO] - resetting connection to eVOLVER to avoid potential buildup of broadcast messages
2021-02-25 18:27:02 - eVOLVER - [INFO] - reconnected to eVOLVER as client
2021-02-25 19:27:02 - eVOLVER - [INFO] - resetting connection to eVOLVER to avoid potential buildup of broadcast messages
2021-02-25 19:27:02 - eVOLVER - [INFO] - reconnected to eVOLVER as client
2021-02-25 20:25:01 - eVOLVER - [INFO] - actual temperature doesn't match configuration (yet? max deltaT is 0.42)
2021-02-25 20:27:03 - eVOLVER - [INFO] - resetting connection to eVOLVER to avoid potential buildup of broadcast messages
2021-02-25 20:27:03 - eVOLVER - [INFO] - reconnected to eVOLVER as client
2021-02-25 20:52:21 - eVOLVER - [INFO] - actual temperature doesn't match configuration (yet? max deltaT is 0.22)
2021-02-25 21:27:03 - eVOLVER - [INFO] - resetting connection to eVOLVER to avoid potential buildup of broadcast messages
2021-02-25 21:27:03 - eVOLVER - [INFO] - reconnected to eVOLVER as client
2021-02-25 22:27:04 - eVOLVER - [INFO] - resetting connection to eVOLVER to avoid potential buildup of broadcast messages
2021-02-25 22:27:04 - eVOLVER - [INFO] - reconnected to eVOLVER as client
2021-02-25 23:10:42 - eVOLVER - [INFO] - actual temperature doesn't match configuration (yet? max deltaT is 0.23)
2021-02-25 23:18:42 - custom_script - [INFO] - turbidostat dilution for vial 4
2021-02-25 23:19:01 - eVOLVER - [INFO] - actual temperature doesn't match configuration (yet? max deltaT is 0.22)
2021-02-25 23:19:21 - eVOLVER - [INFO] - actual temperature doesn't match configuration (yet? max deltaT is 0.76)
2021-02-25 23:19:42 - eVOLVER - [INFO] - actual temperature doesn't match configuration (yet? max deltaT is 0.87)
2021-02-25 23:19:42 - custom_script - [INFO] - turbidostat dilution for vial 4
2021-02-25 23:20:01 - eVOLVER - [INFO] - actual temperature doesn't match configuration (yet? max deltaT is 1.10)
2021-02-25 23:20:21 - eVOLVER - [INFO] - actual temperature doesn't match configuration (yet? max deltaT is 1.67)
2021-02-25 23:20:42 - eVOLVER - [INFO] - actual temperature doesn't match configuration (yet? max deltaT is 1.84)
2021-02-25 23:21:01 - eVOLVER - [INFO] - actual temperature doesn't match configuration (yet? max deltaT is 1.92)
2021-02-25 23:21:21 - eVOLVER - [INFO] - actual temperature doesn't match configuration (yet? max deltaT is 1.92)
2021-02-25 23:21:41 - eVOLVER - [INFO] - actual temperature doesn't match configuration (yet? max deltaT is 1.89)
2021-02-25 23:22:02 - eVOLVER - [INFO] - actual temperature doesn't match configuration (yet? max deltaT is 1.78)
2021-02-25 23:22:22 - eVOLVER - [INFO] - actual temperature doesn't match configuration (yet? max deltaT is 1.67)
2021-02-25 23:22:41 - eVOLVER - [INFO] - actual temperature doesn't match configuration (yet? max deltaT is 1.53)
2021-02-25 23:23:02 - eVOLVER - [INFO] - actual temperature doesn't match configuration (yet? max deltaT is 1.41)
2021-02-25 23:23:21 - eVOLVER - [INFO] - actual temperature doesn't match configuration (yet? max deltaT is 1.30)
2021-02-25 23:23:42 - eVOLVER - [INFO] - actual temperature doesn't match configuration (yet? max deltaT is 1.16)
2021-02-25 23:24:01 - eVOLVER - [INFO] - actual temperature doesn't match configuration (yet? max deltaT is 1.02)
2021-02-25 23:24:21 - eVOLVER - [INFO] - actual temperature doesn't match configuration (yet? max deltaT is 0.87)
2021-02-25 23:24:42 - eVOLVER - [INFO] - actual temperature doesn't match configuration (yet? max deltaT is 0.73)
2021-02-25 23:25:02 - eVOLVER - [INFO] - actual temperature doesn't match configuration (yet? max deltaT is 0.56)
2021-02-25 23:25:21 - eVOLVER - [INFO] - actual temperature doesn't match configuration (yet? max deltaT is 0.45)
2021-02-25 23:25:41 - eVOLVER - [INFO] - actual temperature doesn't match configuration (yet? max deltaT is 0.28)
2021-02-25 23:27:04 - eVOLVER - [INFO] - resetting connection to eVOLVER to avoid potential buildup of broadcast messages
2021-02-25 23:27:04 - eVOLVER - [INFO] - reconnected to eVOLVER as client
2021-02-26 00:27:05 - eVOLVER - [INFO] - resetting connection to eVOLVER to avoid potential buildup of broadcast messages
2021-02-26 00:27:05 - eVOLVER - [INFO] - reconnected to eVOLVER as client
2021-02-26 00:40:21 - eVOLVER - [INFO] - actual temperature doesn't match configuration (yet? max deltaT is 0.23)
2021-02-26 01:27:05 - eVOLVER - [INFO] - resetting connection to eVOLVER to avoid potential buildup of broadcast messages
2021-02-26 01:27:05 - eVOLVER - [INFO] - reconnected to eVOLVER as client
2021-02-26 01:30:42 - eVOLVER - [INFO] - actual temperature doesn't match configuration (yet? max deltaT is 0.21)
2021-02-26 02:00:41 - eVOLVER - [INFO] - actual temperature doesn't match configuration (yet? max deltaT is 0.22)
2021-02-26 02:27:05 - eVOLVER - [INFO] - resetting connection to eVOLVER to avoid potential buildup of broadcast messages
2021-02-26 02:27:06 - eVOLVER - [INFO] - reconnected to eVOLVER as client
2021-02-26 03:04:21 - eVOLVER - [INFO] - actual temperature doesn't match configuration (yet? max deltaT is 0.22)
2021-02-26 03:27:06 - eVOLVER - [INFO] - resetting connection to eVOLVER to avoid potential buildup of broadcast messages
2021-02-26 03:27:06 - eVOLVER - [INFO] - reconnected to eVOLVER as client
2021-02-26 04:27:07 - eVOLVER - [INFO] - resetting connection to eVOLVER to avoid potential buildup of broadcast messages
2021-02-26 04:27:07 - eVOLVER - [INFO] - reconnected to eVOLVER as client
2021-02-26 05:27:08 - eVOLVER - [INFO] - resetting connection to eVOLVER to avoid potential buildup of broadcast messages
2021-02-26 05:27:08 - eVOLVER - [INFO] - reconnected to eVOLVER as client
2021-02-26 06:12:01 - eVOLVER - [INFO] - actual temperature doesn't match configuration (yet? max deltaT is 0.21)
2021-02-26 06:27:08 - eVOLVER - [INFO] - resetting connection to eVOLVER to avoid potential buildup of broadcast messages
2021-02-26 06:27:08 - eVOLVER - [INFO] - reconnected to eVOLVER as client
2021-02-26 06:55:01 - eVOLVER - [INFO] - actual temperature doesn't match configuration (yet? max deltaT is 0.42)
2021-02-26 07:27:09 - eVOLVER - [INFO] - resetting connection to eVOLVER to avoid potential buildup of broadcast messages
2021-02-26 07:27:09 - eVOLVER - [INFO] - reconnected to eVOLVER as client
2021-02-26 07:36:02 - eVOLVER - [INFO] - actual temperature doesn't match configuration (yet? max deltaT is 0.22)
2021-02-26 08:27:09 - eVOLVER - [INFO] - resetting connection to eVOLVER to avoid potential buildup of broadcast messages
2021-02-26 08:27:10 - eVOLVER - [INFO] - reconnected to eVOLVER as client
2021-02-26 09:27:10 - eVOLVER - [INFO] - resetting connection to eVOLVER to avoid potential buildup of broadcast messages
2021-02-26 09:27:10 - eVOLVER - [INFO] - reconnected to eVOLVER as client
2021-02-26 10:27:11 - eVOLVER - [INFO] - resetting connection to eVOLVER to avoid potential buildup of broadcast messages
2021-02-26 10:27:11 - eVOLVER - [INFO] - reconnected to eVOLVER as client
2021-02-26 11:27:12 - eVOLVER - [INFO] - resetting connection to eVOLVER to avoid potential buildup of broadcast messages
2021-02-26 11:27:12 - eVOLVER - [INFO] - reconnected to eVOLVER as client
2021-02-26 12:27:12 - eVOLVER - [INFO] - resetting connection to eVOLVER to avoid potential buildup of broadcast messages
2021-02-26 12:27:12 - eVOLVER - [INFO] - reconnected to eVOLVER as client
2021-02-26 13:09:41 - eVOLVER - [INFO] - actual temperature doesn't match configuration (yet? max deltaT is 0.22)
2021-02-26 13:15:54 - eVOLVER - [WARNING] - interrupt received, pausing experiment
2021-02-26 13:15:54 - eVOLVER - [INFO] - stopping all pumps
2021-02-26 13:16:02 - eVOLVER - [WARNING] - second interrupt received, terminating experiment
2021-02-26 13:16:02 - eVOLVER - [INFO] - stopping all pumps
2021-02-26 13:16:02 - eVOLVER - [WARNING] - experiment stopped, goodbye!
2021-02-26 13:16:02 - eVOLVER - [INFO] - stopping all pumps
2021-02-26 14:35:21 - custom_script - [INFO] - turbidostat dilution for vial 1
2021-02-26 14:35:40 - eVOLVER - [INFO] - actual temperature doesn't match configuration (yet? max deltaT is 0.25)
2021-02-26 14:36:01 - eVOLVER - [INFO] - actual temperature doesn't match configuration (yet? max deltaT is 0.77)
2021-02-26 14:36:21 - eVOLVER - [INFO] - actual temperature doesn't match configuration (yet? max deltaT is 1.26)
2021-02-26 14:36:41 - eVOLVER - [INFO] - actual temperature doesn't match configuration (yet? max deltaT is 1.40)
2021-02-26 14:37:00 - eVOLVER - [INFO] - actual temperature doesn't match configuration (yet? max deltaT is 1.43)
2021-02-26 14:37:21 - eVOLVER - [INFO] - actual temperature doesn't match configuration (yet? max deltaT is 1.32)
2021-02-26 14:37:41 - eVOLVER - [INFO] - actual temperature doesn't match configuration (yet? max deltaT is 1.26)
2021-02-26 14:38:01 - eVOLVER - [INFO] - actual temperature doesn't match configuration (yet? max deltaT is 1.12)
2021-02-26 14:38:21 - eVOLVER - [INFO] - actual temperature doesn't match configuration (yet? max deltaT is 0.94)
2021-02-26 14:38:41 - eVOLVER - [INFO] - actual temperature doesn't match configuration (yet? max deltaT is 0.88)
2021-02-26 14:39:01 - eVOLVER - [INFO] - actual temperature doesn't match configuration (yet? max deltaT is 0.74)
2021-02-26 14:39:20 - eVOLVER - [INFO] - actual temperature doesn't match configuration (yet? max deltaT is 0.51)
2021-02-26 14:39:41 - eVOLVER - [INFO] - actual temperature doesn't match configuration (yet? max deltaT is 0.36)
2021-02-26 14:41:37 - eVOLVER - [WARNING] - interrupt received, pausing experiment
2021-02-26 14:41:37 - eVOLVER - [INFO] - stopping all pumps
2021-02-26 14:41:39 - eVOLVER - [WARNING] - second interrupt received, terminating experiment
2021-02-26 14:41:39 - eVOLVER - [INFO] - stopping all pumps
2021-02-26 14:41:39 - eVOLVER - [WARNING] - experiment stopped, goodbye!
2021-02-26 14:41:39 - eVOLVER - [INFO] - stopping all pumps
2021-02-26 14:47:04 - custom_script - [INFO] - turbidostat dilution for vial 0
2021-02-26 14:47:41 - eVOLVER - [INFO] - actual temperature doesn't match configuration (yet? max deltaT is 1.22)
2021-02-26 14:47:54 - eVOLVER - [WARNING] - interrupt received, pausing experiment
2021-02-26 14:47:54 - eVOLVER - [INFO] - stopping all pumps
2021-02-26 14:47:56 - eVOLVER - [WARNING] - second interrupt received, terminating experiment
2021-02-26 14:47:56 - eVOLVER - [INFO] - stopping all pumps
2021-02-26 14:47:56 - eVOLVER - [WARNING] - experiment stopped, goodbye!
2021-02-26 14:47:56 - eVOLVER - [INFO] - stopping all pumps
2021-02-26 14:54:21 - custom_script - [INFO] - turbidostat dilution for vial 2
2021-02-26 14:55:02 - eVOLVER - [INFO] - actual temperature doesn't match configuration (yet? max deltaT is 1.01)
2021-02-26 14:55:21 - eVOLVER - [INFO] - actual temperature doesn't match configuration (yet? max deltaT is 1.41)
2021-02-26 14:55:41 - eVOLVER - [INFO] - actual temperature doesn't match configuration (yet? max deltaT is 1.57)
2021-02-26 14:56:02 - eVOLVER - [INFO] - actual temperature doesn't match configuration (yet? max deltaT is 1.60)
2021-02-26 14:56:21 - eVOLVER - [INFO] - actual temperature doesn't match configuration (yet? max deltaT is 1.55)
2021-02-26 14:56:41 - eVOLVER - [INFO] - actual temperature doesn't match configuration (yet? max deltaT is 1.49)
2021-02-26 14:57:02 - eVOLVER - [INFO] - actual temperature doesn't match configuration (yet? max deltaT is 1.41)
2021-02-26 14:57:22 - eVOLVER - [INFO] - actual temperature doesn't match configuration (yet? max deltaT is 1.29)
2021-02-26 14:57:41 - eVOLVER - [INFO] - actual temperature doesn't match configuration (yet? max deltaT is 1.21)
2021-02-26 14:57:57 - eVOLVER - [WARNING] - interrupt received, pausing experiment
2021-02-26 14:57:57 - eVOLVER - [INFO] - stopping all pumps
2021-02-26 14:57:57 - eVOLVER - [WARNING] - resuming experiment
2021-02-26 14:57:57 - eVOLVER - [INFO] - reconnected to eVOLVER as client
2021-02-26 14:57:59 - eVOLVER - [WARNING] - interrupt received, pausing experiment
2021-02-26 14:57:59 - eVOLVER - [INFO] - stopping all pumps
2021-02-26 14:57:59 - eVOLVER - [WARNING] - resuming experiment
2021-02-26 14:57:59 - eVOLVER - [INFO] - reconnected to eVOLVER as client
2021-02-26 14:58:04 - eVOLVER - [INFO] - actual temperature doesn't match configuration (yet? max deltaT is 1.07)
2021-02-26 14:58:07 - eVOLVER - [WARNING] - interrupt received, pausing experiment
2021-02-26 14:58:07 - eVOLVER - [INFO] - stopping all pumps
2021-02-26 14:58:09 - eVOLVER - [WARNING] - second interrupt received, terminating experiment
2021-02-26 14:58:09 - eVOLVER - [INFO] - stopping all pumps
2021-02-26 14:58:09 - eVOLVER - [WARNING] - experiment stopped, goodbye!
2021-02-26 14:58:09 - eVOLVER - [INFO] - stopping all pumps
2021-02-26 14:59:41 - eVOLVER - [INFO] - actual temperature doesn't match configuration (yet? max deltaT is 0.48)
2021-02-26 14:59:41 - custom_script - [INFO] - turbidostat dilution for vial 4
2021-02-26 15:00:01 - eVOLVER - [INFO] - actual temperature doesn't match configuration (yet? max deltaT is 0.42)
2021-02-26 15:00:21 - eVOLVER - [INFO] - actual temperature doesn't match configuration (yet? max deltaT is 1.02)
2021-02-26 15:00:41 - eVOLVER - [INFO] - actual temperature doesn't match configuration (yet? max deltaT is 1.30)
2021-02-26 15:01:01 - eVOLVER - [INFO] - actual temperature doesn't match configuration (yet? max deltaT is 1.41)
2021-02-26 15:01:22 - eVOLVER - [INFO] - actual temperature doesn't match configuration (yet? max deltaT is 1.30)
2021-02-26 15:01:42 - eVOLVER - [INFO] - actual temperature doesn't match configuration (yet? max deltaT is 1.21)
2021-02-26 15:02:01 - eVOLVER - [INFO] - actual temperature doesn't match configuration (yet? max deltaT is 1.13)
2021-02-26 15:02:22 - eVOLVER - [INFO] - actual temperature doesn't match configuration (yet? max deltaT is 0.96)
2021-02-26 15:02:42 - eVOLVER - [INFO] - actual temperature doesn't match configuration (yet? max deltaT is 0.82)
2021-02-26 15:03:01 - eVOLVER - [INFO] - actual temperature doesn't match configuration (yet? max deltaT is 0.70)
2021-02-26 15:03:21 - eVOLVER - [INFO] - actual temperature doesn't match configuration (yet? max deltaT is 0.56)
2021-02-26 15:03:42 - eVOLVER - [INFO] - actual temperature doesn't match configuration (yet? max deltaT is 0.36)
2021-02-26 15:48:22 - eVOLVER - [INFO] - actual temperature doesn't match configuration (yet? max deltaT is 0.25)
2021-02-26 15:59:36 - eVOLVER - [INFO] - resetting connection to eVOLVER to avoid potential buildup of broadcast messages
2021-02-26 15:59:36 - eVOLVER - [INFO] - reconnected to eVOLVER as client
2021-02-26 16:53:15 - eVOLVER - [WARNING] - interrupt received, pausing experiment
2021-02-26 16:53:15 - eVOLVER - [INFO] - stopping all pumps
2021-02-26 16:53:17 - eVOLVER - [WARNING] - second interrupt received, terminating experiment
2021-02-26 16:53:17 - eVOLVER - [INFO] - stopping all pumps
2021-02-26 16:53:17 - eVOLVER - [WARNING] - experiment stopped, goodbye!
2021-02-26 16:53:17 - eVOLVER - [INFO] - stopping all pumps
