2022-04-29 15:10:15 - eVOLVER - [INFO] - updating temperatures (max. deltaT is 131381313705.63)
2022-04-29 15:10:15 - eVOLVER - [INFO] - setting initial OD reading
2022-04-29 15:10:36 - eVOLVER - [INFO] - actual temperature doesn't match configuration (yet? max deltaT is 11.00)
2022-04-29 15:10:56 - eVOLVER - [INFO] - actual temperature doesn't match configuration (yet? max deltaT is 11.00)
2022-04-29 15:11:15 - eVOLVER - [INFO] - actual temperature doesn't match configuration (yet? max deltaT is 11.00)
2022-04-29 15:11:36 - eVOLVER - [INFO] - actual temperature doesn't match configuration (yet? max deltaT is 11.00)
2022-04-29 15:11:56 - eVOLVER - [INFO] - actual temperature doesn't match configuration (yet? max deltaT is 11.00)
2022-04-29 15:12:15 - eVOLVER - [INFO] - actual temperature doesn't match configuration (yet? max deltaT is 11.00)
2022-04-29 15:12:36 - eVOLVER - [INFO] - actual temperature doesn't match configuration (yet? max deltaT is 11.00)
2022-04-29 15:12:56 - eVOLVER - [INFO] - actual temperature doesn't match configuration (yet? max deltaT is 11.00)
2022-04-29 15:13:15 - eVOLVER - [INFO] - actual temperature doesn't match configuration (yet? max deltaT is 11.00)
2022-04-29 15:13:36 - eVOLVER - [INFO] - actual temperature doesn't match configuration (yet? max deltaT is 11.00)
2022-04-29 15:13:56 - eVOLVER - [INFO] - actual temperature doesn't match configuration (yet? max deltaT is 11.00)
2022-04-29 15:14:16 - eVOLVER - [INFO] - actual temperature doesn't match configuration (yet? max deltaT is 11.00)
2022-04-29 15:14:36 - eVOLVER - [INFO] - actual temperature doesn't match configuration (yet? max deltaT is 11.00)
2022-04-29 15:14:56 - eVOLVER - [INFO] - actual temperature doesn't match configuration (yet? max deltaT is 11.00)
2022-04-29 15:15:15 - eVOLVER - [INFO] - actual temperature doesn't match configuration (yet? max deltaT is 11.00)
2022-04-29 15:15:36 - eVOLVER - [INFO] - actual temperature doesn't match configuration (yet? max deltaT is 11.00)
2022-04-29 15:15:55 - eVOLVER - [INFO] - actual temperature doesn't match configuration (yet? max deltaT is 11.00)
2022-04-29 15:16:16 - eVOLVER - [INFO] - actual temperature doesn't match configuration (yet? max deltaT is 11.00)
2022-04-29 15:16:36 - eVOLVER - [INFO] - actual temperature doesn't match configuration (yet? max deltaT is 11.00)
2022-04-29 15:16:55 - eVOLVER - [INFO] - actual temperature doesn't match configuration (yet? max deltaT is 11.00)
2022-04-29 15:17:16 - eVOLVER - [INFO] - actual temperature doesn't match configuration (yet? max deltaT is 11.00)
2022-04-29 15:17:36 - eVOLVER - [INFO] - actual temperature doesn't match configuration (yet? max deltaT is 11.00)
2022-04-29 15:17:55 - eVOLVER - [INFO] - actual temperature doesn't match configuration (yet? max deltaT is 11.00)
2022-04-29 15:18:16 - eVOLVER - [INFO] - actual temperature doesn't match configuration (yet? max deltaT is 11.00)
2022-04-29 15:18:36 - eVOLVER - [INFO] - actual temperature doesn't match configuration (yet? max deltaT is 11.00)
2022-04-29 15:18:55 - eVOLVER - [INFO] - actual temperature doesn't match configuration (yet? max deltaT is 11.00)
2022-04-29 15:19:16 - eVOLVER - [INFO] - actual temperature doesn't match configuration (yet? max deltaT is 11.00)
2022-04-29 15:19:35 - eVOLVER - [INFO] - actual temperature doesn't match configuration (yet? max deltaT is 11.00)
2022-04-29 15:19:56 - eVOLVER - [INFO] - actual temperature doesn't match configuration (yet? max deltaT is 11.00)
2022-04-29 15:20:16 - eVOLVER - [INFO] - actual temperature doesn't match configuration (yet? max deltaT is 11.00)
2022-04-29 15:20:35 - eVOLVER - [INFO] - actual temperature doesn't match configuration (yet? max deltaT is 11.00)
2022-04-29 15:20:56 - eVOLVER - [INFO] - actual temperature doesn't match configuration (yet? max deltaT is 11.00)
2022-04-29 15:21:16 - eVOLVER - [INFO] - actual temperature doesn't match configuration (yet? max deltaT is 11.00)
2022-04-29 15:21:35 - eVOLVER - [INFO] - actual temperature doesn't match configuration (yet? max deltaT is 11.00)
2022-04-29 15:21:56 - eVOLVER - [INFO] - actual temperature doesn't match configuration (yet? max deltaT is 11.00)
2022-04-29 15:22:16 - eVOLVER - [INFO] - actual temperature doesn't match configuration (yet? max deltaT is 11.00)
2022-04-29 15:22:36 - eVOLVER - [INFO] - actual temperature doesn't match configuration (yet? max deltaT is 11.00)
2022-04-29 15:22:56 - eVOLVER - [INFO] - actual temperature doesn't match configuration (yet? max deltaT is 11.00)
2022-04-29 15:23:16 - eVOLVER - [INFO] - actual temperature doesn't match configuration (yet? max deltaT is 11.00)
2022-04-29 15:23:35 - eVOLVER - [INFO] - actual temperature doesn't match configuration (yet? max deltaT is 11.00)
2022-04-29 15:23:56 - eVOLVER - [INFO] - actual temperature doesn't match configuration (yet? max deltaT is 11.00)
2022-04-29 15:24:16 - eVOLVER - [INFO] - actual temperature doesn't match configuration (yet? max deltaT is 11.00)
2022-04-29 15:24:35 - eVOLVER - [INFO] - actual temperature doesn't match configuration (yet? max deltaT is 11.00)
2022-04-29 15:24:56 - eVOLVER - [INFO] - actual temperature doesn't match configuration (yet? max deltaT is 11.00)
2022-04-29 15:25:16 - eVOLVER - [INFO] - actual temperature doesn't match configuration (yet? max deltaT is 11.00)
2022-04-29 15:25:35 - eVOLVER - [INFO] - actual temperature doesn't match configuration (yet? max deltaT is 11.00)
2022-04-29 15:25:56 - eVOLVER - [INFO] - actual temperature doesn't match configuration (yet? max deltaT is 11.00)
2022-04-29 15:26:16 - eVOLVER - [INFO] - actual temperature doesn't match configuration (yet? max deltaT is 11.00)
2022-04-29 15:26:36 - eVOLVER - [INFO] - actual temperature doesn't match configuration (yet? max deltaT is 11.00)
2022-04-29 15:26:52 - eVOLVER - [WARNING] - interrupt received, pausing experiment
2022-04-29 15:26:52 - eVOLVER - [INFO] - stopping all pumps
2022-04-29 15:50:06 - eVOLVER - [WARNING] - second interrupt received, terminating experiment
2022-04-29 15:50:06 - eVOLVER - [INFO] - stopping all pumps
2022-04-29 15:50:06 - eVOLVER - [WARNING] - experiment stopped, goodbye!
2022-04-29 15:50:06 - eVOLVER - [INFO] - stopping all pumps
