2022-04-24 16:07:10 - eVOLVER - [INFO] - updating temperatures (max. deltaT is 131381313705.63)
2022-04-24 16:07:10 - eVOLVER - [INFO] - setting initial OD reading
2022-04-24 16:07:10 - eVOLVER - [INFO] - updating chemostat: {'fields_expected_incoming': 49, 'fields_expected_outgoing': 49, 'recurring': True, 'immediate': True, 'value': ['0|0', '0|0', '0|0', '0|0', '0|0', '0|0', '0|0', '0|0', '0|0', '0|0', '0|0', '0|0', '0|0', '0|0', '0|0', '0|0', '0|0', '0|0', '0|0', '0|0', '0|0', '0|0', '0|0', '0|0', '0|0', '0|0', '0|0', '0|0', '0|0', '0|0', '0|0', '0|0', '--', '--', '--', '--', '--', '--', '--', '--', '--', '--', '--', '--', '--', '--', '--', '--'], 'param': 'pump'}
2022-04-24 16:07:27 - eVOLVER - [INFO] - actual temperature doesn't match configuration (yet? max deltaT is 11.00)
2022-04-24 16:07:46 - eVOLVER - [INFO] - actual temperature doesn't match configuration (yet? max deltaT is 11.00)
2022-04-24 16:08:07 - eVOLVER - [INFO] - actual temperature doesn't match configuration (yet? max deltaT is 11.00)
2022-04-24 16:08:27 - eVOLVER - [INFO] - actual temperature doesn't match configuration (yet? max deltaT is 11.00)
2022-04-24 16:08:47 - eVOLVER - [INFO] - actual temperature doesn't match configuration (yet? max deltaT is 11.00)
2022-04-24 16:09:07 - eVOLVER - [INFO] - actual temperature doesn't match configuration (yet? max deltaT is 11.00)
2022-04-24 16:09:27 - eVOLVER - [INFO] - actual temperature doesn't match configuration (yet? max deltaT is 11.00)
2022-04-24 16:09:47 - eVOLVER - [INFO] - actual temperature doesn't match configuration (yet? max deltaT is 11.00)
2022-04-24 16:10:07 - eVOLVER - [INFO] - actual temperature doesn't match configuration (yet? max deltaT is 11.00)
2022-04-24 16:10:27 - eVOLVER - [INFO] - actual temperature doesn't match configuration (yet? max deltaT is 11.00)
2022-04-24 16:10:47 - eVOLVER - [INFO] - actual temperature doesn't match configuration (yet? max deltaT is 11.00)
2022-04-24 16:11:06 - eVOLVER - [INFO] - actual temperature doesn't match configuration (yet? max deltaT is 11.00)
2022-04-24 16:11:27 - eVOLVER - [INFO] - actual temperature doesn't match configuration (yet? max deltaT is 11.00)
2022-04-24 16:11:47 - eVOLVER - [INFO] - actual temperature doesn't match configuration (yet? max deltaT is 11.00)
2022-04-24 16:12:07 - eVOLVER - [INFO] - actual temperature doesn't match configuration (yet? max deltaT is 11.00)
2022-04-24 16:12:26 - eVOLVER - [INFO] - actual temperature doesn't match configuration (yet? max deltaT is 11.00)
2022-04-24 16:12:47 - eVOLVER - [INFO] - actual temperature doesn't match configuration (yet? max deltaT is 11.00)
2022-04-24 16:13:07 - eVOLVER - [INFO] - actual temperature doesn't match configuration (yet? max deltaT is 11.00)
2022-04-24 16:13:26 - eVOLVER - [INFO] - actual temperature doesn't match configuration (yet? max deltaT is 11.00)
2022-04-24 16:13:47 - eVOLVER - [INFO] - actual temperature doesn't match configuration (yet? max deltaT is 11.00)
2022-04-24 16:14:07 - eVOLVER - [INFO] - actual temperature doesn't match configuration (yet? max deltaT is 11.00)
2022-04-24 16:14:27 - eVOLVER - [INFO] - actual temperature doesn't match configuration (yet? max deltaT is 11.00)
2022-04-24 16:14:46 - eVOLVER - [INFO] - actual temperature doesn't match configuration (yet? max deltaT is 11.00)
2022-04-24 16:15:07 - eVOLVER - [INFO] - actual temperature doesn't match configuration (yet? max deltaT is 11.00)
2022-04-24 16:15:27 - eVOLVER - [INFO] - actual temperature doesn't match configuration (yet? max deltaT is 11.00)
2022-04-24 16:15:47 - eVOLVER - [INFO] - actual temperature doesn't match configuration (yet? max deltaT is 11.00)
2022-04-24 16:16:07 - eVOLVER - [INFO] - actual temperature doesn't match configuration (yet? max deltaT is 11.00)
2022-04-24 16:16:27 - eVOLVER - [INFO] - actual temperature doesn't match configuration (yet? max deltaT is 11.00)
2022-04-24 16:16:47 - eVOLVER - [INFO] - actual temperature doesn't match configuration (yet? max deltaT is 11.00)
2022-04-24 16:17:06 - eVOLVER - [INFO] - actual temperature doesn't match configuration (yet? max deltaT is 11.00)
2022-04-24 16:17:27 - eVOLVER - [INFO] - actual temperature doesn't match configuration (yet? max deltaT is 11.00)
2022-04-24 16:17:46 - eVOLVER - [INFO] - actual temperature doesn't match configuration (yet? max deltaT is 11.00)
2022-04-24 16:18:07 - eVOLVER - [INFO] - actual temperature doesn't match configuration (yet? max deltaT is 11.00)
2022-04-24 16:18:26 - eVOLVER - [INFO] - actual temperature doesn't match configuration (yet? max deltaT is 11.00)
2022-04-24 16:18:47 - eVOLVER - [INFO] - actual temperature doesn't match configuration (yet? max deltaT is 11.00)
2022-04-24 16:19:07 - eVOLVER - [INFO] - actual temperature doesn't match configuration (yet? max deltaT is 11.00)
2022-04-24 16:19:27 - eVOLVER - [INFO] - actual temperature doesn't match configuration (yet? max deltaT is 11.00)
2022-04-24 16:19:46 - eVOLVER - [INFO] - actual temperature doesn't match configuration (yet? max deltaT is 11.00)
2022-04-24 16:20:07 - eVOLVER - [INFO] - actual temperature doesn't match configuration (yet? max deltaT is 11.00)
2022-04-24 16:20:27 - eVOLVER - [INFO] - actual temperature doesn't match configuration (yet? max deltaT is 11.00)
2022-04-24 16:20:46 - eVOLVER - [INFO] - actual temperature doesn't match configuration (yet? max deltaT is 11.00)
2022-04-24 16:21:07 - eVOLVER - [INFO] - actual temperature doesn't match configuration (yet? max deltaT is 11.00)
2022-04-24 16:21:27 - eVOLVER - [INFO] - actual temperature doesn't match configuration (yet? max deltaT is 11.00)
2022-04-24 16:21:47 - eVOLVER - [INFO] - actual temperature doesn't match configuration (yet? max deltaT is 11.00)
2022-04-24 16:22:06 - eVOLVER - [INFO] - actual temperature doesn't match configuration (yet? max deltaT is 11.00)
2022-04-24 16:22:27 - eVOLVER - [INFO] - actual temperature doesn't match configuration (yet? max deltaT is 11.00)
2022-04-24 16:22:47 - eVOLVER - [INFO] - actual temperature doesn't match configuration (yet? max deltaT is 11.00)
2022-04-24 16:23:07 - eVOLVER - [INFO] - actual temperature doesn't match configuration (yet? max deltaT is 11.00)
2022-04-24 16:23:27 - eVOLVER - [INFO] - actual temperature doesn't match configuration (yet? max deltaT is 11.00)
2022-04-24 16:23:47 - eVOLVER - [INFO] - actual temperature doesn't match configuration (yet? max deltaT is 11.00)
2022-04-24 16:24:07 - eVOLVER - [INFO] - actual temperature doesn't match configuration (yet? max deltaT is 11.00)
2022-04-24 16:24:26 - eVOLVER - [INFO] - actual temperature doesn't match configuration (yet? max deltaT is 11.00)
2022-04-24 16:24:47 - eVOLVER - [INFO] - actual temperature doesn't match configuration (yet? max deltaT is 11.00)
2022-04-24 16:25:06 - eVOLVER - [INFO] - actual temperature doesn't match configuration (yet? max deltaT is 11.00)
2022-04-24 16:25:27 - eVOLVER - [INFO] - actual temperature doesn't match configuration (yet? max deltaT is 11.00)
2022-04-24 16:25:47 - eVOLVER - [INFO] - actual temperature doesn't match configuration (yet? max deltaT is 11.00)
2022-04-24 16:26:06 - eVOLVER - [INFO] - actual temperature doesn't match configuration (yet? max deltaT is 11.00)
2022-04-24 16:26:27 - eVOLVER - [INFO] - actual temperature doesn't match configuration (yet? max deltaT is 11.00)
2022-04-24 16:26:47 - eVOLVER - [INFO] - actual temperature doesn't match configuration (yet? max deltaT is 11.00)
2022-04-24 16:27:07 - eVOLVER - [INFO] - actual temperature doesn't match configuration (yet? max deltaT is 11.00)
2022-04-24 16:27:27 - eVOLVER - [INFO] - actual temperature doesn't match configuration (yet? max deltaT is 11.00)
2022-04-24 16:27:46 - eVOLVER - [INFO] - actual temperature doesn't match configuration (yet? max deltaT is 11.00)
2022-04-24 16:28:07 - eVOLVER - [INFO] - actual temperature doesn't match configuration (yet? max deltaT is 11.00)
2022-04-24 16:28:27 - eVOLVER - [INFO] - actual temperature doesn't match configuration (yet? max deltaT is 11.00)
2022-04-24 16:28:47 - eVOLVER - [INFO] - actual temperature doesn't match configuration (yet? max deltaT is 11.00)
2022-04-24 16:29:06 - eVOLVER - [INFO] - actual temperature doesn't match configuration (yet? max deltaT is 11.00)
2022-04-24 16:29:26 - eVOLVER - [INFO] - actual temperature doesn't match configuration (yet? max deltaT is 11.00)
2022-04-24 16:29:47 - eVOLVER - [INFO] - actual temperature doesn't match configuration (yet? max deltaT is 11.00)
2022-04-24 16:30:07 - eVOLVER - [INFO] - actual temperature doesn't match configuration (yet? max deltaT is 11.00)
2022-04-24 16:30:27 - eVOLVER - [INFO] - actual temperature doesn't match configuration (yet? max deltaT is 11.00)
2022-04-24 16:30:47 - eVOLVER - [INFO] - actual temperature doesn't match configuration (yet? max deltaT is 11.00)
2022-04-24 16:31:07 - eVOLVER - [INFO] - actual temperature doesn't match configuration (yet? max deltaT is 11.00)
2022-04-24 16:31:27 - eVOLVER - [INFO] - actual temperature doesn't match configuration (yet? max deltaT is 11.00)
2022-04-24 16:31:47 - eVOLVER - [INFO] - actual temperature doesn't match configuration (yet? max deltaT is 11.00)
2022-04-24 16:32:07 - eVOLVER - [INFO] - actual temperature doesn't match configuration (yet? max deltaT is 11.00)
2022-04-24 16:32:26 - eVOLVER - [INFO] - actual temperature doesn't match configuration (yet? max deltaT is 11.00)
2022-04-24 16:32:47 - eVOLVER - [INFO] - actual temperature doesn't match configuration (yet? max deltaT is 11.00)
2022-04-24 16:33:07 - eVOLVER - [INFO] - actual temperature doesn't match configuration (yet? max deltaT is 11.00)
2022-04-24 16:33:26 - eVOLVER - [INFO] - actual temperature doesn't match configuration (yet? max deltaT is 11.00)
2022-04-24 16:33:47 - eVOLVER - [INFO] - actual temperature doesn't match configuration (yet? max deltaT is 11.00)
2022-04-24 16:34:07 - eVOLVER - [INFO] - actual temperature doesn't match configuration (yet? max deltaT is 11.00)
2022-04-24 16:34:27 - eVOLVER - [INFO] - actual temperature doesn't match configuration (yet? max deltaT is 11.00)
2022-04-24 16:34:46 - eVOLVER - [INFO] - actual temperature doesn't match configuration (yet? max deltaT is 11.00)
2022-04-24 16:35:07 - eVOLVER - [INFO] - actual temperature doesn't match configuration (yet? max deltaT is 11.00)
2022-04-24 16:35:27 - eVOLVER - [INFO] - actual temperature doesn't match configuration (yet? max deltaT is 11.00)
2022-04-24 16:35:47 - eVOLVER - [INFO] - actual temperature doesn't match configuration (yet? max deltaT is 11.00)
2022-04-24 16:36:07 - eVOLVER - [INFO] - actual temperature doesn't match configuration (yet? max deltaT is 11.00)
2022-04-24 16:36:27 - eVOLVER - [INFO] - actual temperature doesn't match configuration (yet? max deltaT is 11.00)
2022-04-24 16:36:47 - eVOLVER - [INFO] - actual temperature doesn't match configuration (yet? max deltaT is 11.00)
2022-04-24 16:37:07 - eVOLVER - [INFO] - actual temperature doesn't match configuration (yet? max deltaT is 11.00)
2022-04-24 16:37:27 - eVOLVER - [INFO] - actual temperature doesn't match configuration (yet? max deltaT is 11.00)
2022-04-24 16:37:47 - eVOLVER - [INFO] - actual temperature doesn't match configuration (yet? max deltaT is 11.00)
2022-04-24 16:38:07 - eVOLVER - [INFO] - actual temperature doesn't match configuration (yet? max deltaT is 11.00)
2022-04-24 16:38:27 - eVOLVER - [INFO] - actual temperature doesn't match configuration (yet? max deltaT is 11.00)
2022-04-24 16:38:47 - eVOLVER - [INFO] - actual temperature doesn't match configuration (yet? max deltaT is 11.00)
2022-04-24 16:39:07 - eVOLVER - [INFO] - actual temperature doesn't match configuration (yet? max deltaT is 11.00)
2022-04-24 16:39:27 - eVOLVER - [INFO] - actual temperature doesn't match configuration (yet? max deltaT is 11.00)
2022-04-24 16:39:47 - eVOLVER - [INFO] - actual temperature doesn't match configuration (yet? max deltaT is 11.00)
2022-04-24 16:40:07 - eVOLVER - [INFO] - actual temperature doesn't match configuration (yet? max deltaT is 11.00)
2022-04-24 16:40:26 - eVOLVER - [INFO] - actual temperature doesn't match configuration (yet? max deltaT is 11.00)
2022-04-24 16:40:47 - eVOLVER - [INFO] - actual temperature doesn't match configuration (yet? max deltaT is 11.00)
2022-04-24 16:41:07 - eVOLVER - [INFO] - actual temperature doesn't match configuration (yet? max deltaT is 11.00)
2022-04-24 16:41:26 - eVOLVER - [INFO] - actual temperature doesn't match configuration (yet? max deltaT is 11.00)
2022-04-24 16:41:47 - eVOLVER - [INFO] - actual temperature doesn't match configuration (yet? max deltaT is 11.00)
2022-04-24 16:42:07 - eVOLVER - [INFO] - actual temperature doesn't match configuration (yet? max deltaT is 11.00)
2022-04-24 16:42:27 - eVOLVER - [INFO] - actual temperature doesn't match configuration (yet? max deltaT is 11.00)
2022-04-24 16:42:46 - eVOLVER - [INFO] - actual temperature doesn't match configuration (yet? max deltaT is 11.00)
2022-04-24 16:43:07 - eVOLVER - [INFO] - actual temperature doesn't match configuration (yet? max deltaT is 11.00)
2022-04-24 16:43:27 - eVOLVER - [INFO] - actual temperature doesn't match configuration (yet? max deltaT is 11.00)
2022-04-24 16:43:46 - eVOLVER - [INFO] - actual temperature doesn't match configuration (yet? max deltaT is 11.00)
2022-04-24 16:44:07 - eVOLVER - [INFO] - actual temperature doesn't match configuration (yet? max deltaT is 11.00)
2022-04-24 16:44:27 - eVOLVER - [INFO] - actual temperature doesn't match configuration (yet? max deltaT is 11.00)
2022-04-24 16:44:47 - eVOLVER - [INFO] - actual temperature doesn't match configuration (yet? max deltaT is 11.00)
2022-04-24 16:45:07 - eVOLVER - [INFO] - actual temperature doesn't match configuration (yet? max deltaT is 11.00)
2022-04-24 16:45:27 - eVOLVER - [INFO] - actual temperature doesn't match configuration (yet? max deltaT is 11.00)
2022-04-24 16:45:47 - eVOLVER - [INFO] - actual temperature doesn't match configuration (yet? max deltaT is 11.00)
2022-04-24 16:46:06 - eVOLVER - [INFO] - actual temperature doesn't match configuration (yet? max deltaT is 11.00)
2022-04-24 16:46:27 - eVOLVER - [INFO] - actual temperature doesn't match configuration (yet? max deltaT is 11.00)
2022-04-24 16:46:47 - eVOLVER - [INFO] - actual temperature doesn't match configuration (yet? max deltaT is 11.00)
2022-04-24 16:47:07 - eVOLVER - [INFO] - actual temperature doesn't match configuration (yet? max deltaT is 11.00)
2022-04-24 16:47:27 - eVOLVER - [INFO] - actual temperature doesn't match configuration (yet? max deltaT is 11.00)
2022-04-24 16:47:47 - eVOLVER - [INFO] - actual temperature doesn't match configuration (yet? max deltaT is 11.00)
2022-04-24 16:48:07 - eVOLVER - [INFO] - actual temperature doesn't match configuration (yet? max deltaT is 11.00)
2022-04-24 16:48:26 - eVOLVER - [INFO] - actual temperature doesn't match configuration (yet? max deltaT is 11.00)
2022-04-24 16:48:47 - eVOLVER - [INFO] - actual temperature doesn't match configuration (yet? max deltaT is 11.00)
2022-04-24 16:49:07 - eVOLVER - [INFO] - actual temperature doesn't match configuration (yet? max deltaT is 11.00)
2022-04-24 16:49:27 - eVOLVER - [INFO] - actual temperature doesn't match configuration (yet? max deltaT is 11.00)
2022-04-24 16:49:47 - eVOLVER - [INFO] - actual temperature doesn't match configuration (yet? max deltaT is 11.00)
2022-04-24 16:50:07 - eVOLVER - [INFO] - actual temperature doesn't match configuration (yet? max deltaT is 11.00)
2022-04-24 16:50:26 - eVOLVER - [INFO] - actual temperature doesn't match configuration (yet? max deltaT is 11.00)
2022-04-24 16:50:47 - eVOLVER - [INFO] - actual temperature doesn't match configuration (yet? max deltaT is 11.00)
2022-04-24 16:51:07 - eVOLVER - [INFO] - actual temperature doesn't match configuration (yet? max deltaT is 11.00)
2022-04-24 16:51:27 - eVOLVER - [INFO] - actual temperature doesn't match configuration (yet? max deltaT is 11.00)
2022-04-24 16:51:46 - eVOLVER - [INFO] - actual temperature doesn't match configuration (yet? max deltaT is 11.00)
2022-04-24 16:52:06 - eVOLVER - [INFO] - actual temperature doesn't match configuration (yet? max deltaT is 11.00)
2022-04-24 16:52:27 - eVOLVER - [INFO] - actual temperature doesn't match configuration (yet? max deltaT is 11.00)
2022-04-24 16:52:47 - eVOLVER - [INFO] - actual temperature doesn't match configuration (yet? max deltaT is 11.00)
2022-04-24 16:53:06 - eVOLVER - [INFO] - actual temperature doesn't match configuration (yet? max deltaT is 11.00)
2022-04-24 16:53:27 - eVOLVER - [INFO] - actual temperature doesn't match configuration (yet? max deltaT is 11.00)
2022-04-24 16:53:47 - eVOLVER - [INFO] - actual temperature doesn't match configuration (yet? max deltaT is 11.00)
2022-04-24 16:54:07 - eVOLVER - [INFO] - actual temperature doesn't match configuration (yet? max deltaT is 11.00)
2022-04-24 16:54:27 - eVOLVER - [INFO] - actual temperature doesn't match configuration (yet? max deltaT is 11.00)
2022-04-24 16:54:47 - eVOLVER - [INFO] - actual temperature doesn't match configuration (yet? max deltaT is 11.00)
2022-04-24 16:55:07 - eVOLVER - [INFO] - actual temperature doesn't match configuration (yet? max deltaT is 11.00)
2022-04-24 16:55:27 - eVOLVER - [INFO] - actual temperature doesn't match configuration (yet? max deltaT is 11.00)
2022-04-24 16:55:47 - eVOLVER - [INFO] - actual temperature doesn't match configuration (yet? max deltaT is 11.00)
2022-04-24 16:56:07 - eVOLVER - [INFO] - actual temperature doesn't match configuration (yet? max deltaT is 11.00)
2022-04-24 16:56:08 - eVOLVER - [WARNING] - interrupt received, pausing experiment
2022-04-24 16:56:08 - eVOLVER - [INFO] - stopping all pumps
2022-04-24 16:56:12 - eVOLVER - [WARNING] - second interrupt received, terminating experiment
2022-04-24 16:56:12 - eVOLVER - [INFO] - stopping all pumps
2022-04-24 16:56:12 - eVOLVER - [WARNING] - experiment stopped, goodbye!
2022-04-24 16:56:12 - eVOLVER - [INFO] - stopping all pumps
