2021-03-04 17:36:05 - eVOLVER - [INFO] - updating temperatures (max. deltaT is 0.56)
2021-03-04 17:36:24 - eVOLVER - [INFO] - actual temperature doesn't match configuration (yet? max deltaT is 71.12)
2021-03-04 17:36:43 - eVOLVER - [INFO] - actual temperature doesn't match configuration (yet? max deltaT is 71.15)
2021-03-04 17:37:04 - eVOLVER - [INFO] - actual temperature doesn't match configuration (yet? max deltaT is 71.12)
2021-03-04 17:37:23 - eVOLVER - [INFO] - actual temperature doesn't match configuration (yet? max deltaT is 71.15)
2021-03-04 17:37:44 - eVOLVER - [INFO] - actual temperature doesn't match configuration (yet? max deltaT is 71.18)
2021-03-04 17:38:03 - eVOLVER - [INFO] - actual temperature doesn't match configuration (yet? max deltaT is 71.15)
2021-03-04 17:38:24 - eVOLVER - [INFO] - actual temperature doesn't match configuration (yet? max deltaT is 71.18)
2021-03-04 17:38:43 - eVOLVER - [INFO] - actual temperature doesn't match configuration (yet? max deltaT is 71.15)
2021-03-04 17:39:04 - eVOLVER - [INFO] - actual temperature doesn't match configuration (yet? max deltaT is 71.15)
2021-03-04 17:39:23 - eVOLVER - [INFO] - actual temperature doesn't match configuration (yet? max deltaT is 71.15)
2021-03-04 17:39:43 - eVOLVER - [INFO] - actual temperature doesn't match configuration (yet? max deltaT is 71.09)
2021-03-04 17:40:03 - eVOLVER - [INFO] - actual temperature doesn't match configuration (yet? max deltaT is 71.15)
2021-03-04 17:40:23 - eVOLVER - [INFO] - actual temperature doesn't match configuration (yet? max deltaT is 71.12)
2021-03-04 17:40:44 - eVOLVER - [INFO] - actual temperature doesn't match configuration (yet? max deltaT is 71.12)
2021-03-04 17:41:03 - eVOLVER - [INFO] - actual temperature doesn't match configuration (yet? max deltaT is 71.15)
2021-03-04 17:41:24 - eVOLVER - [INFO] - actual temperature doesn't match configuration (yet? max deltaT is 71.15)
2021-03-04 17:41:43 - eVOLVER - [INFO] - actual temperature doesn't match configuration (yet? max deltaT is 71.15)
2021-03-04 17:42:03 - eVOLVER - [INFO] - actual temperature doesn't match configuration (yet? max deltaT is 71.15)
2021-03-04 17:42:24 - eVOLVER - [INFO] - actual temperature doesn't match configuration (yet? max deltaT is 71.18)
2021-03-04 17:42:44 - eVOLVER - [INFO] - actual temperature doesn't match configuration (yet? max deltaT is 71.18)
2021-03-04 17:43:03 - eVOLVER - [INFO] - actual temperature doesn't match configuration (yet? max deltaT is 71.15)
2021-03-04 17:43:24 - eVOLVER - [INFO] - actual temperature doesn't match configuration (yet? max deltaT is 71.21)
2021-03-04 17:43:43 - eVOLVER - [INFO] - actual temperature doesn't match configuration (yet? max deltaT is 71.12)
2021-03-04 17:44:04 - eVOLVER - [INFO] - actual temperature doesn't match configuration (yet? max deltaT is 71.12)
2021-03-04 17:44:23 - eVOLVER - [INFO] - actual temperature doesn't match configuration (yet? max deltaT is 71.15)
2021-03-04 17:44:43 - eVOLVER - [INFO] - actual temperature doesn't match configuration (yet? max deltaT is 71.18)
2021-03-04 17:45:03 - eVOLVER - [INFO] - actual temperature doesn't match configuration (yet? max deltaT is 71.15)
2021-03-04 17:45:23 - eVOLVER - [INFO] - actual temperature doesn't match configuration (yet? max deltaT is 71.09)
2021-03-04 17:45:44 - eVOLVER - [INFO] - actual temperature doesn't match configuration (yet? max deltaT is 71.18)
2021-03-04 17:46:03 - eVOLVER - [INFO] - actual temperature doesn't match configuration (yet? max deltaT is 71.09)
2021-03-04 17:46:23 - eVOLVER - [INFO] - actual temperature doesn't match configuration (yet? max deltaT is 71.18)
2021-03-04 17:46:44 - eVOLVER - [INFO] - actual temperature doesn't match configuration (yet? max deltaT is 71.18)
2021-03-04 17:47:03 - eVOLVER - [INFO] - actual temperature doesn't match configuration (yet? max deltaT is 71.15)
2021-03-04 17:47:27 - eVOLVER - [INFO] - actual temperature doesn't match configuration (yet? max deltaT is 71.15)
2021-03-04 17:47:50 - eVOLVER - [INFO] - actual temperature doesn't match configuration (yet? max deltaT is 71.18)
2021-03-04 17:48:03 - eVOLVER - [INFO] - actual temperature doesn't match configuration (yet? max deltaT is 71.09)
2021-03-04 17:48:24 - eVOLVER - [INFO] - actual temperature doesn't match configuration (yet? max deltaT is 71.21)
2021-03-04 17:48:43 - eVOLVER - [INFO] - actual temperature doesn't match configuration (yet? max deltaT is 71.18)
2021-03-04 17:49:03 - eVOLVER - [INFO] - actual temperature doesn't match configuration (yet? max deltaT is 71.12)
2021-03-04 17:49:23 - eVOLVER - [INFO] - actual temperature doesn't match configuration (yet? max deltaT is 71.12)
2021-03-04 17:49:43 - eVOLVER - [INFO] - actual temperature doesn't match configuration (yet? max deltaT is 71.18)
2021-03-04 17:50:03 - eVOLVER - [INFO] - actual temperature doesn't match configuration (yet? max deltaT is 71.15)
2021-03-04 17:50:24 - eVOLVER - [INFO] - actual temperature doesn't match configuration (yet? max deltaT is 71.18)
2021-03-04 17:50:44 - eVOLVER - [INFO] - actual temperature doesn't match configuration (yet? max deltaT is 71.12)
2021-03-04 17:51:03 - eVOLVER - [INFO] - actual temperature doesn't match configuration (yet? max deltaT is 71.15)
2021-03-04 17:51:24 - eVOLVER - [INFO] - actual temperature doesn't match configuration (yet? max deltaT is 71.15)
2021-03-04 17:51:43 - eVOLVER - [INFO] - actual temperature doesn't match configuration (yet? max deltaT is 71.15)
2021-03-04 17:52:04 - eVOLVER - [INFO] - actual temperature doesn't match configuration (yet? max deltaT is 71.12)
2021-03-04 17:52:23 - eVOLVER - [INFO] - actual temperature doesn't match configuration (yet? max deltaT is 71.15)
2021-03-04 17:52:44 - eVOLVER - [INFO] - actual temperature doesn't match configuration (yet? max deltaT is 71.15)
2021-03-04 17:53:03 - eVOLVER - [INFO] - actual temperature doesn't match configuration (yet? max deltaT is 71.18)
2021-03-04 17:53:24 - eVOLVER - [INFO] - actual temperature doesn't match configuration (yet? max deltaT is 71.15)
2021-03-04 17:53:43 - eVOLVER - [INFO] - actual temperature doesn't match configuration (yet? max deltaT is 71.18)
2021-03-04 17:54:03 - eVOLVER - [INFO] - actual temperature doesn't match configuration (yet? max deltaT is 71.21)
2021-03-04 17:54:27 - eVOLVER - [INFO] - actual temperature doesn't match configuration (yet? max deltaT is 71.15)
2021-03-04 17:54:51 - eVOLVER - [INFO] - actual temperature doesn't match configuration (yet? max deltaT is 71.15)
2021-03-04 17:55:06 - eVOLVER - [INFO] - actual temperature doesn't match configuration (yet? max deltaT is 71.18)
2021-03-04 17:55:30 - eVOLVER - [INFO] - actual temperature doesn't match configuration (yet? max deltaT is 71.15)
2021-03-04 17:55:49 - eVOLVER - [INFO] - actual temperature doesn't match configuration (yet? max deltaT is 71.15)
2021-03-04 17:56:03 - eVOLVER - [INFO] - actual temperature doesn't match configuration (yet? max deltaT is 71.15)
2021-03-04 17:56:24 - eVOLVER - [INFO] - actual temperature doesn't match configuration (yet? max deltaT is 71.18)
2021-03-04 17:56:43 - eVOLVER - [INFO] - actual temperature doesn't match configuration (yet? max deltaT is 71.09)
2021-03-04 17:57:04 - eVOLVER - [INFO] - actual temperature doesn't match configuration (yet? max deltaT is 71.15)
2021-03-04 17:57:23 - eVOLVER - [INFO] - actual temperature doesn't match configuration (yet? max deltaT is 71.09)
2021-03-04 17:57:44 - eVOLVER - [INFO] - actual temperature doesn't match configuration (yet? max deltaT is 71.15)
2021-03-04 17:58:03 - eVOLVER - [INFO] - actual temperature doesn't match configuration (yet? max deltaT is 71.15)
2021-03-04 17:58:23 - eVOLVER - [INFO] - actual temperature doesn't match configuration (yet? max deltaT is 71.12)
2021-03-04 17:58:44 - eVOLVER - [INFO] - actual temperature doesn't match configuration (yet? max deltaT is 71.18)
2021-03-04 17:59:03 - eVOLVER - [INFO] - actual temperature doesn't match configuration (yet? max deltaT is 71.15)
2021-03-04 17:59:24 - eVOLVER - [INFO] - actual temperature doesn't match configuration (yet? max deltaT is 71.15)
2021-03-04 17:59:43 - eVOLVER - [INFO] - actual temperature doesn't match configuration (yet? max deltaT is 71.18)
2021-03-04 18:00:03 - eVOLVER - [INFO] - actual temperature doesn't match configuration (yet? max deltaT is 71.12)
2021-03-04 18:00:24 - eVOLVER - [INFO] - actual temperature doesn't match configuration (yet? max deltaT is 71.21)
2021-03-04 18:00:43 - eVOLVER - [INFO] - actual temperature doesn't match configuration (yet? max deltaT is 71.18)
2021-03-04 18:01:03 - eVOLVER - [INFO] - actual temperature doesn't match configuration (yet? max deltaT is 71.15)
2021-03-04 18:01:24 - eVOLVER - [INFO] - actual temperature doesn't match configuration (yet? max deltaT is 71.06)
2021-03-04 18:01:43 - eVOLVER - [INFO] - actual temperature doesn't match configuration (yet? max deltaT is 71.15)
2021-03-04 18:02:04 - eVOLVER - [INFO] - actual temperature doesn't match configuration (yet? max deltaT is 71.18)
2021-03-04 18:02:23 - eVOLVER - [INFO] - actual temperature doesn't match configuration (yet? max deltaT is 71.18)
2021-03-04 18:02:43 - eVOLVER - [INFO] - actual temperature doesn't match configuration (yet? max deltaT is 71.12)
2021-03-04 18:03:03 - eVOLVER - [INFO] - actual temperature doesn't match configuration (yet? max deltaT is 71.18)
2021-03-04 18:03:23 - eVOLVER - [INFO] - actual temperature doesn't match configuration (yet? max deltaT is 71.15)
2021-03-04 18:03:44 - eVOLVER - [INFO] - actual temperature doesn't match configuration (yet? max deltaT is 71.15)
2021-03-04 18:04:03 - eVOLVER - [INFO] - actual temperature doesn't match configuration (yet? max deltaT is 71.18)
2021-03-04 18:04:24 - eVOLVER - [INFO] - actual temperature doesn't match configuration (yet? max deltaT is 71.12)
2021-03-04 18:04:43 - eVOLVER - [INFO] - actual temperature doesn't match configuration (yet? max deltaT is 71.15)
2021-03-04 18:05:03 - eVOLVER - [INFO] - actual temperature doesn't match configuration (yet? max deltaT is 71.18)
2021-03-04 18:05:23 - eVOLVER - [INFO] - actual temperature doesn't match configuration (yet? max deltaT is 71.21)
2021-03-04 18:05:44 - eVOLVER - [INFO] - actual temperature doesn't match configuration (yet? max deltaT is 71.15)
2021-03-04 18:06:03 - eVOLVER - [INFO] - actual temperature doesn't match configuration (yet? max deltaT is 71.15)
2021-03-04 18:06:24 - eVOLVER - [INFO] - actual temperature doesn't match configuration (yet? max deltaT is 71.12)
2021-03-04 18:06:43 - eVOLVER - [INFO] - actual temperature doesn't match configuration (yet? max deltaT is 71.18)
2021-03-04 18:07:03 - eVOLVER - [INFO] - actual temperature doesn't match configuration (yet? max deltaT is 71.18)
2021-03-04 18:07:24 - eVOLVER - [INFO] - actual temperature doesn't match configuration (yet? max deltaT is 71.18)
2021-03-04 18:07:43 - eVOLVER - [INFO] - actual temperature doesn't match configuration (yet? max deltaT is 71.18)
2021-03-04 18:08:04 - eVOLVER - [INFO] - actual temperature doesn't match configuration (yet? max deltaT is 71.15)
2021-03-04 18:08:23 - eVOLVER - [INFO] - actual temperature doesn't match configuration (yet? max deltaT is 71.18)
2021-03-04 18:08:44 - eVOLVER - [INFO] - actual temperature doesn't match configuration (yet? max deltaT is 71.12)
2021-03-04 18:09:03 - eVOLVER - [INFO] - actual temperature doesn't match configuration (yet? max deltaT is 71.18)
2021-03-04 18:09:24 - eVOLVER - [INFO] - actual temperature doesn't match configuration (yet? max deltaT is 71.15)
2021-03-04 18:09:43 - eVOLVER - [INFO] - actual temperature doesn't match configuration (yet? max deltaT is 71.18)
2021-03-04 18:10:04 - eVOLVER - [INFO] - actual temperature doesn't match configuration (yet? max deltaT is 71.15)
2021-03-04 18:10:23 - eVOLVER - [INFO] - actual temperature doesn't match configuration (yet? max deltaT is 71.18)
2021-03-04 18:10:43 - eVOLVER - [INFO] - actual temperature doesn't match configuration (yet? max deltaT is 71.18)
2021-03-04 18:11:03 - eVOLVER - [INFO] - actual temperature doesn't match configuration (yet? max deltaT is 71.12)
2021-03-04 18:11:23 - eVOLVER - [INFO] - actual temperature doesn't match configuration (yet? max deltaT is 71.21)
2021-03-04 18:11:44 - eVOLVER - [INFO] - actual temperature doesn't match configuration (yet? max deltaT is 71.12)
2021-03-04 18:12:03 - eVOLVER - [INFO] - actual temperature doesn't match configuration (yet? max deltaT is 71.18)
2021-03-04 18:12:24 - eVOLVER - [INFO] - actual temperature doesn't match configuration (yet? max deltaT is 71.15)
2021-03-04 18:12:43 - eVOLVER - [INFO] - actual temperature doesn't match configuration (yet? max deltaT is 71.21)
2021-03-04 18:13:04 - eVOLVER - [INFO] - actual temperature doesn't match configuration (yet? max deltaT is 71.18)
2021-03-04 18:13:23 - eVOLVER - [INFO] - actual temperature doesn't match configuration (yet? max deltaT is 71.18)
2021-03-04 18:13:44 - eVOLVER - [INFO] - actual temperature doesn't match configuration (yet? max deltaT is 71.15)
2021-03-04 18:14:04 - eVOLVER - [INFO] - actual temperature doesn't match configuration (yet? max deltaT is 71.18)
2021-03-04 18:14:23 - eVOLVER - [INFO] - actual temperature doesn't match configuration (yet? max deltaT is 71.18)
2021-03-04 18:14:44 - eVOLVER - [INFO] - actual temperature doesn't match configuration (yet? max deltaT is 71.12)
2021-03-04 18:15:03 - eVOLVER - [INFO] - actual temperature doesn't match configuration (yet? max deltaT is 71.24)
2021-03-04 18:15:24 - eVOLVER - [INFO] - actual temperature doesn't match configuration (yet? max deltaT is 71.44)
2021-03-04 18:15:43 - eVOLVER - [INFO] - actual temperature doesn't match configuration (yet? max deltaT is 71.18)
2021-03-04 18:16:04 - eVOLVER - [INFO] - actual temperature doesn't match configuration (yet? max deltaT is 71.12)
2021-03-04 18:16:23 - eVOLVER - [INFO] - actual temperature doesn't match configuration (yet? max deltaT is 71.15)
2021-03-04 18:16:44 - eVOLVER - [INFO] - actual temperature doesn't match configuration (yet? max deltaT is 71.18)
2021-03-04 18:17:03 - eVOLVER - [INFO] - actual temperature doesn't match configuration (yet? max deltaT is 71.15)
2021-03-04 18:17:23 - eVOLVER - [INFO] - actual temperature doesn't match configuration (yet? max deltaT is 71.18)
2021-03-04 18:17:44 - eVOLVER - [INFO] - actual temperature doesn't match configuration (yet? max deltaT is 71.12)
2021-03-04 18:18:03 - eVOLVER - [INFO] - actual temperature doesn't match configuration (yet? max deltaT is 71.18)
2021-03-04 18:18:24 - eVOLVER - [INFO] - actual temperature doesn't match configuration (yet? max deltaT is 71.15)
2021-03-04 18:18:43 - eVOLVER - [INFO] - actual temperature doesn't match configuration (yet? max deltaT is 71.12)
2021-03-04 18:19:04 - eVOLVER - [INFO] - actual temperature doesn't match configuration (yet? max deltaT is 71.15)
2021-03-04 18:19:23 - eVOLVER - [INFO] - actual temperature doesn't match configuration (yet? max deltaT is 71.12)
2021-03-04 18:19:44 - eVOLVER - [INFO] - actual temperature doesn't match configuration (yet? max deltaT is 71.21)
2021-03-04 18:20:03 - eVOLVER - [INFO] - actual temperature doesn't match configuration (yet? max deltaT is 71.15)
2021-03-04 18:20:24 - eVOLVER - [INFO] - actual temperature doesn't match configuration (yet? max deltaT is 71.15)
2021-03-04 18:20:43 - eVOLVER - [INFO] - actual temperature doesn't match configuration (yet? max deltaT is 71.09)
2021-03-04 18:21:03 - eVOLVER - [INFO] - actual temperature doesn't match configuration (yet? max deltaT is 71.15)
2021-03-04 18:21:23 - eVOLVER - [INFO] - actual temperature doesn't match configuration (yet? max deltaT is 71.15)
2021-03-04 18:21:43 - eVOLVER - [INFO] - actual temperature doesn't match configuration (yet? max deltaT is 71.18)
2021-03-04 18:22:04 - eVOLVER - [INFO] - actual temperature doesn't match configuration (yet? max deltaT is 71.18)
2021-03-04 18:22:23 - eVOLVER - [INFO] - actual temperature doesn't match configuration (yet? max deltaT is 71.18)
2021-03-04 18:22:44 - eVOLVER - [INFO] - actual temperature doesn't match configuration (yet? max deltaT is 71.18)
2021-03-04 18:23:03 - eVOLVER - [INFO] - actual temperature doesn't match configuration (yet? max deltaT is 71.44)
2021-03-04 18:23:23 - eVOLVER - [INFO] - actual temperature doesn't match configuration (yet? max deltaT is 71.21)
2021-03-04 18:23:44 - eVOLVER - [INFO] - actual temperature doesn't match configuration (yet? max deltaT is 71.18)
2021-03-04 18:24:03 - eVOLVER - [INFO] - actual temperature doesn't match configuration (yet? max deltaT is 71.18)
2021-03-04 18:24:23 - eVOLVER - [INFO] - actual temperature doesn't match configuration (yet? max deltaT is 71.15)
2021-03-04 18:24:44 - eVOLVER - [INFO] - actual temperature doesn't match configuration (yet? max deltaT is 71.18)
2021-03-04 18:25:03 - eVOLVER - [INFO] - actual temperature doesn't match configuration (yet? max deltaT is 71.21)
2021-03-04 18:25:23 - eVOLVER - [INFO] - actual temperature doesn't match configuration (yet? max deltaT is 71.21)
2021-03-04 18:25:44 - eVOLVER - [INFO] - actual temperature doesn't match configuration (yet? max deltaT is 71.12)
2021-03-04 18:26:03 - eVOLVER - [INFO] - actual temperature doesn't match configuration (yet? max deltaT is 71.18)
2021-03-04 18:26:24 - eVOLVER - [INFO] - actual temperature doesn't match configuration (yet? max deltaT is 71.15)
2021-03-04 18:26:43 - eVOLVER - [INFO] - actual temperature doesn't match configuration (yet? max deltaT is 71.21)
2021-03-04 18:27:04 - eVOLVER - [INFO] - actual temperature doesn't match configuration (yet? max deltaT is 71.18)
2021-03-04 18:27:23 - eVOLVER - [INFO] - actual temperature doesn't match configuration (yet? max deltaT is 71.18)
2021-03-04 18:27:44 - eVOLVER - [INFO] - actual temperature doesn't match configuration (yet? max deltaT is 71.15)
2021-03-04 18:28:04 - eVOLVER - [INFO] - actual temperature doesn't match configuration (yet? max deltaT is 71.15)
2021-03-04 18:28:23 - eVOLVER - [INFO] - actual temperature doesn't match configuration (yet? max deltaT is 71.24)
2021-03-04 18:28:43 - eVOLVER - [INFO] - actual temperature doesn't match configuration (yet? max deltaT is 71.12)
2021-03-04 18:29:04 - eVOLVER - [INFO] - actual temperature doesn't match configuration (yet? max deltaT is 71.12)
2021-03-04 18:29:23 - eVOLVER - [INFO] - actual temperature doesn't match configuration (yet? max deltaT is 71.15)
2021-03-04 18:29:44 - eVOLVER - [INFO] - actual temperature doesn't match configuration (yet? max deltaT is 71.12)
2021-03-04 18:30:03 - eVOLVER - [INFO] - actual temperature doesn't match configuration (yet? max deltaT is 71.18)
2021-03-04 18:30:24 - eVOLVER - [INFO] - actual temperature doesn't match configuration (yet? max deltaT is 71.21)
2021-03-04 18:30:44 - eVOLVER - [INFO] - actual temperature doesn't match configuration (yet? max deltaT is 71.21)
2021-03-04 18:31:03 - eVOLVER - [INFO] - actual temperature doesn't match configuration (yet? max deltaT is 71.18)
2021-03-04 18:31:24 - eVOLVER - [INFO] - actual temperature doesn't match configuration (yet? max deltaT is 71.21)
2021-03-04 18:31:43 - eVOLVER - [INFO] - actual temperature doesn't match configuration (yet? max deltaT is 71.12)
2021-03-04 18:32:04 - eVOLVER - [INFO] - actual temperature doesn't match configuration (yet? max deltaT is 71.18)
2021-03-04 18:32:23 - eVOLVER - [INFO] - actual temperature doesn't match configuration (yet? max deltaT is 71.21)
2021-03-04 18:32:44 - eVOLVER - [INFO] - actual temperature doesn't match configuration (yet? max deltaT is 71.12)
2021-03-04 18:33:03 - eVOLVER - [INFO] - actual temperature doesn't match configuration (yet? max deltaT is 71.15)
2021-03-04 18:33:24 - eVOLVER - [INFO] - actual temperature doesn't match configuration (yet? max deltaT is 71.18)
2021-03-04 18:33:43 - eVOLVER - [INFO] - actual temperature doesn't match configuration (yet? max deltaT is 71.18)
2021-03-04 18:34:04 - eVOLVER - [INFO] - actual temperature doesn't match configuration (yet? max deltaT is 71.18)
2021-03-04 18:34:24 - eVOLVER - [INFO] - actual temperature doesn't match configuration (yet? max deltaT is 71.18)
2021-03-04 18:34:43 - eVOLVER - [INFO] - actual temperature doesn't match configuration (yet? max deltaT is 71.18)
2021-03-04 18:35:04 - eVOLVER - [INFO] - actual temperature doesn't match configuration (yet? max deltaT is 71.15)
2021-03-04 18:35:23 - eVOLVER - [INFO] - actual temperature doesn't match configuration (yet? max deltaT is 71.15)
2021-03-04 18:35:44 - eVOLVER - [INFO] - actual temperature doesn't match configuration (yet? max deltaT is 71.15)
2021-03-04 18:36:03 - eVOLVER - [INFO] - resetting connection to eVOLVER to avoid potential buildup of broadcast messages
2021-03-04 18:36:04 - eVOLVER - [INFO] - reconnected to eVOLVER as client
2021-03-04 18:36:24 - eVOLVER - [INFO] - actual temperature doesn't match configuration (yet? max deltaT is 71.12)
2021-03-04 18:36:43 - eVOLVER - [INFO] - actual temperature doesn't match configuration (yet? max deltaT is 71.18)
2021-03-04 18:37:03 - eVOLVER - [INFO] - actual temperature doesn't match configuration (yet? max deltaT is 71.15)
2021-03-04 18:37:24 - eVOLVER - [INFO] - actual temperature doesn't match configuration (yet? max deltaT is 71.21)
2021-03-04 18:37:43 - eVOLVER - [INFO] - actual temperature doesn't match configuration (yet? max deltaT is 71.15)
2021-03-04 18:38:04 - eVOLVER - [INFO] - actual temperature doesn't match configuration (yet? max deltaT is 71.21)
2021-03-04 18:38:23 - eVOLVER - [INFO] - actual temperature doesn't match configuration (yet? max deltaT is 71.24)
2021-03-04 18:38:44 - eVOLVER - [INFO] - actual temperature doesn't match configuration (yet? max deltaT is 71.18)
2021-03-04 18:39:03 - eVOLVER - [INFO] - actual temperature doesn't match configuration (yet? max deltaT is 71.18)
2021-03-04 18:39:24 - eVOLVER - [INFO] - actual temperature doesn't match configuration (yet? max deltaT is 71.15)
2021-03-04 18:39:43 - eVOLVER - [INFO] - actual temperature doesn't match configuration (yet? max deltaT is 71.18)
2021-03-04 18:40:04 - eVOLVER - [INFO] - actual temperature doesn't match configuration (yet? max deltaT is 71.15)
2021-03-04 18:40:23 - eVOLVER - [INFO] - actual temperature doesn't match configuration (yet? max deltaT is 71.21)
2021-03-04 18:40:44 - eVOLVER - [INFO] - actual temperature doesn't match configuration (yet? max deltaT is 71.18)
2021-03-04 18:41:03 - eVOLVER - [INFO] - actual temperature doesn't match configuration (yet? max deltaT is 71.15)
2021-03-04 18:41:24 - eVOLVER - [INFO] - actual temperature doesn't match configuration (yet? max deltaT is 71.18)
2021-03-04 18:41:43 - eVOLVER - [INFO] - actual temperature doesn't match configuration (yet? max deltaT is 71.21)
2021-03-04 18:42:04 - eVOLVER - [INFO] - actual temperature doesn't match configuration (yet? max deltaT is 71.21)
2021-03-04 18:42:23 - eVOLVER - [INFO] - actual temperature doesn't match configuration (yet? max deltaT is 71.21)
2021-03-04 18:42:44 - eVOLVER - [INFO] - actual temperature doesn't match configuration (yet? max deltaT is 71.18)
2021-03-04 18:43:04 - eVOLVER - [INFO] - actual temperature doesn't match configuration (yet? max deltaT is 71.18)
2021-03-04 18:43:23 - eVOLVER - [INFO] - actual temperature doesn't match configuration (yet? max deltaT is 71.21)
2021-03-04 18:43:44 - eVOLVER - [INFO] - actual temperature doesn't match configuration (yet? max deltaT is 71.15)
2021-03-04 18:44:03 - eVOLVER - [INFO] - actual temperature doesn't match configuration (yet? max deltaT is 71.21)
2021-03-04 18:44:24 - eVOLVER - [INFO] - actual temperature doesn't match configuration (yet? max deltaT is 71.18)
2021-03-04 18:44:43 - eVOLVER - [INFO] - actual temperature doesn't match configuration (yet? max deltaT is 71.18)
2021-03-04 18:45:04 - eVOLVER - [INFO] - actual temperature doesn't match configuration (yet? max deltaT is 71.15)
2021-03-04 18:45:23 - eVOLVER - [INFO] - actual temperature doesn't match configuration (yet? max deltaT is 71.15)
2021-03-04 18:45:44 - eVOLVER - [INFO] - actual temperature doesn't match configuration (yet? max deltaT is 71.15)
2021-03-04 18:46:03 - eVOLVER - [INFO] - actual temperature doesn't match configuration (yet? max deltaT is 71.18)
2021-03-04 18:46:24 - eVOLVER - [INFO] - actual temperature doesn't match configuration (yet? max deltaT is 71.15)
2021-03-04 18:46:43 - eVOLVER - [INFO] - actual temperature doesn't match configuration (yet? max deltaT is 71.21)
2021-03-04 18:47:04 - eVOLVER - [INFO] - actual temperature doesn't match configuration (yet? max deltaT is 71.18)
2021-03-04 18:47:23 - eVOLVER - [INFO] - actual temperature doesn't match configuration (yet? max deltaT is 71.18)
2021-03-04 18:47:43 - eVOLVER - [INFO] - actual temperature doesn't match configuration (yet? max deltaT is 71.15)
2021-03-04 18:48:03 - eVOLVER - [INFO] - actual temperature doesn't match configuration (yet? max deltaT is 71.21)
2021-03-04 18:48:24 - eVOLVER - [INFO] - actual temperature doesn't match configuration (yet? max deltaT is 71.21)
2021-03-04 18:48:44 - eVOLVER - [INFO] - actual temperature doesn't match configuration (yet? max deltaT is 71.18)
2021-03-04 18:49:03 - eVOLVER - [INFO] - actual temperature doesn't match configuration (yet? max deltaT is 71.18)
2021-03-04 18:49:24 - eVOLVER - [INFO] - actual temperature doesn't match configuration (yet? max deltaT is 71.15)
2021-03-04 18:49:44 - eVOLVER - [INFO] - actual temperature doesn't match configuration (yet? max deltaT is 71.15)
2021-03-04 18:50:03 - eVOLVER - [INFO] - actual temperature doesn't match configuration (yet? max deltaT is 71.18)
2021-03-04 18:50:24 - eVOLVER - [INFO] - actual temperature doesn't match configuration (yet? max deltaT is 71.21)
2021-03-04 18:50:44 - eVOLVER - [INFO] - actual temperature doesn't match configuration (yet? max deltaT is 71.18)
2021-03-04 18:51:04 - eVOLVER - [INFO] - actual temperature doesn't match configuration (yet? max deltaT is 71.12)
2021-03-04 18:51:23 - eVOLVER - [INFO] - actual temperature doesn't match configuration (yet? max deltaT is 71.21)
2021-03-04 18:51:43 - eVOLVER - [INFO] - actual temperature doesn't match configuration (yet? max deltaT is 71.18)
2021-03-04 18:52:03 - eVOLVER - [INFO] - actual temperature doesn't match configuration (yet? max deltaT is 71.21)
2021-03-04 18:52:24 - eVOLVER - [INFO] - actual temperature doesn't match configuration (yet? max deltaT is 71.18)
2021-03-04 18:52:43 - eVOLVER - [INFO] - actual temperature doesn't match configuration (yet? max deltaT is 71.18)
2021-03-04 18:53:04 - eVOLVER - [INFO] - actual temperature doesn't match configuration (yet? max deltaT is 71.12)
2021-03-04 18:53:24 - eVOLVER - [INFO] - actual temperature doesn't match configuration (yet? max deltaT is 71.12)
2021-03-04 18:53:43 - eVOLVER - [INFO] - actual temperature doesn't match configuration (yet? max deltaT is 71.15)
2021-03-04 18:54:04 - eVOLVER - [INFO] - actual temperature doesn't match configuration (yet? max deltaT is 71.21)
2021-03-04 18:54:23 - eVOLVER - [INFO] - actual temperature doesn't match configuration (yet? max deltaT is 71.21)
2021-03-04 18:54:44 - eVOLVER - [INFO] - actual temperature doesn't match configuration (yet? max deltaT is 71.18)
2021-03-04 18:55:04 - eVOLVER - [INFO] - actual temperature doesn't match configuration (yet? max deltaT is 71.15)
2021-03-04 18:55:23 - eVOLVER - [INFO] - actual temperature doesn't match configuration (yet? max deltaT is 71.21)
2021-03-04 18:55:43 - eVOLVER - [INFO] - actual temperature doesn't match configuration (yet? max deltaT is 71.18)
2021-03-04 18:56:04 - eVOLVER - [INFO] - actual temperature doesn't match configuration (yet? max deltaT is 71.12)
2021-03-04 18:56:23 - eVOLVER - [INFO] - actual temperature doesn't match configuration (yet? max deltaT is 71.21)
2021-03-04 18:56:43 - eVOLVER - [INFO] - actual temperature doesn't match configuration (yet? max deltaT is 71.18)
2021-03-04 18:57:04 - eVOLVER - [INFO] - actual temperature doesn't match configuration (yet? max deltaT is 71.18)
2021-03-04 18:57:23 - eVOLVER - [INFO] - actual temperature doesn't match configuration (yet? max deltaT is 71.15)
2021-03-04 18:57:43 - eVOLVER - [INFO] - actual temperature doesn't match configuration (yet? max deltaT is 71.21)
2021-03-04 18:58:04 - eVOLVER - [INFO] - actual temperature doesn't match configuration (yet? max deltaT is 71.15)
2021-03-04 18:58:23 - eVOLVER - [INFO] - actual temperature doesn't match configuration (yet? max deltaT is 71.21)
2021-03-04 18:58:44 - eVOLVER - [INFO] - actual temperature doesn't match configuration (yet? max deltaT is 71.24)
2021-03-04 18:59:03 - eVOLVER - [INFO] - actual temperature doesn't match configuration (yet? max deltaT is 71.15)
2021-03-04 18:59:23 - eVOLVER - [INFO] - actual temperature doesn't match configuration (yet? max deltaT is 71.15)
2021-03-04 18:59:44 - eVOLVER - [INFO] - actual temperature doesn't match configuration (yet? max deltaT is 71.15)
2021-03-04 19:00:03 - eVOLVER - [INFO] - actual temperature doesn't match configuration (yet? max deltaT is 71.15)
2021-03-04 19:00:24 - eVOLVER - [INFO] - actual temperature doesn't match configuration (yet? max deltaT is 71.15)
2021-03-04 19:00:43 - eVOLVER - [INFO] - actual temperature doesn't match configuration (yet? max deltaT is 71.15)
2021-03-04 19:01:04 - eVOLVER - [INFO] - actual temperature doesn't match configuration (yet? max deltaT is 71.18)
2021-03-04 19:01:24 - eVOLVER - [INFO] - actual temperature doesn't match configuration (yet? max deltaT is 71.18)
2021-03-04 19:01:44 - eVOLVER - [INFO] - actual temperature doesn't match configuration (yet? max deltaT is 71.18)
2021-03-04 19:02:04 - eVOLVER - [INFO] - actual temperature doesn't match configuration (yet? max deltaT is 71.15)
2021-03-04 19:02:23 - eVOLVER - [INFO] - actual temperature doesn't match configuration (yet? max deltaT is 71.18)
2021-03-04 19:02:44 - eVOLVER - [INFO] - actual temperature doesn't match configuration (yet? max deltaT is 71.18)
2021-03-04 19:03:04 - eVOLVER - [INFO] - actual temperature doesn't match configuration (yet? max deltaT is 71.15)
2021-03-04 19:03:24 - eVOLVER - [INFO] - actual temperature doesn't match configuration (yet? max deltaT is 71.15)
2021-03-04 19:03:43 - eVOLVER - [INFO] - actual temperature doesn't match configuration (yet? max deltaT is 71.15)
2021-03-04 19:04:03 - eVOLVER - [INFO] - actual temperature doesn't match configuration (yet? max deltaT is 71.15)
2021-03-04 19:04:24 - eVOLVER - [INFO] - actual temperature doesn't match configuration (yet? max deltaT is 71.21)
2021-03-04 19:04:43 - eVOLVER - [INFO] - actual temperature doesn't match configuration (yet? max deltaT is 71.21)
2021-03-04 19:05:04 - eVOLVER - [INFO] - actual temperature doesn't match configuration (yet? max deltaT is 71.18)
2021-03-04 19:05:24 - eVOLVER - [INFO] - actual temperature doesn't match configuration (yet? max deltaT is 71.21)
2021-03-04 19:05:44 - eVOLVER - [INFO] - actual temperature doesn't match configuration (yet? max deltaT is 71.24)
2021-03-04 19:06:03 - eVOLVER - [INFO] - actual temperature doesn't match configuration (yet? max deltaT is 71.21)
2021-03-04 19:06:24 - eVOLVER - [INFO] - actual temperature doesn't match configuration (yet? max deltaT is 71.15)
2021-03-04 19:06:44 - eVOLVER - [INFO] - actual temperature doesn't match configuration (yet? max deltaT is 71.15)
2021-03-04 19:07:03 - eVOLVER - [INFO] - actual temperature doesn't match configuration (yet? max deltaT is 71.21)
2021-03-04 19:07:24 - eVOLVER - [INFO] - actual temperature doesn't match configuration (yet? max deltaT is 71.21)
2021-03-04 19:07:43 - eVOLVER - [INFO] - actual temperature doesn't match configuration (yet? max deltaT is 71.18)
2021-03-04 19:08:03 - eVOLVER - [INFO] - actual temperature doesn't match configuration (yet? max deltaT is 71.21)
2021-03-04 19:08:24 - eVOLVER - [INFO] - actual temperature doesn't match configuration (yet? max deltaT is 71.21)
2021-03-04 19:08:43 - eVOLVER - [INFO] - actual temperature doesn't match configuration (yet? max deltaT is 71.18)
2021-03-04 19:09:04 - eVOLVER - [INFO] - actual temperature doesn't match configuration (yet? max deltaT is 71.18)
2021-03-04 19:09:24 - eVOLVER - [INFO] - actual temperature doesn't match configuration (yet? max deltaT is 71.24)
2021-03-04 19:09:44 - eVOLVER - [INFO] - actual temperature doesn't match configuration (yet? max deltaT is 71.18)
2021-03-04 19:10:03 - eVOLVER - [INFO] - actual temperature doesn't match configuration (yet? max deltaT is 71.18)
2021-03-04 19:10:23 - eVOLVER - [INFO] - actual temperature doesn't match configuration (yet? max deltaT is 71.21)
2021-03-04 19:10:43 - eVOLVER - [INFO] - actual temperature doesn't match configuration (yet? max deltaT is 71.15)
2021-03-04 19:11:03 - eVOLVER - [INFO] - actual temperature doesn't match configuration (yet? max deltaT is 71.18)
2021-03-04 19:11:24 - eVOLVER - [INFO] - actual temperature doesn't match configuration (yet? max deltaT is 71.21)
2021-03-04 19:11:43 - eVOLVER - [INFO] - actual temperature doesn't match configuration (yet? max deltaT is 71.21)
2021-03-04 19:12:03 - eVOLVER - [INFO] - actual temperature doesn't match configuration (yet? max deltaT is 71.18)
2021-03-04 19:12:24 - eVOLVER - [INFO] - actual temperature doesn't match configuration (yet? max deltaT is 71.18)
2021-03-04 19:12:43 - eVOLVER - [INFO] - actual temperature doesn't match configuration (yet? max deltaT is 71.24)
2021-03-04 19:13:04 - eVOLVER - [INFO] - actual temperature doesn't match configuration (yet? max deltaT is 71.24)
2021-03-04 19:13:23 - eVOLVER - [INFO] - actual temperature doesn't match configuration (yet? max deltaT is 71.18)
2021-03-04 19:13:43 - eVOLVER - [INFO] - actual temperature doesn't match configuration (yet? max deltaT is 71.21)
2021-03-04 19:14:04 - eVOLVER - [INFO] - actual temperature doesn't match configuration (yet? max deltaT is 71.24)
2021-03-04 19:14:24 - eVOLVER - [INFO] - actual temperature doesn't match configuration (yet? max deltaT is 71.21)
2021-03-04 19:14:44 - eVOLVER - [INFO] - actual temperature doesn't match configuration (yet? max deltaT is 71.15)
2021-03-04 19:15:03 - eVOLVER - [INFO] - actual temperature doesn't match configuration (yet? max deltaT is 71.21)
2021-03-04 19:15:24 - eVOLVER - [INFO] - actual temperature doesn't match configuration (yet? max deltaT is 71.12)
2021-03-04 19:15:43 - eVOLVER - [INFO] - actual temperature doesn't match configuration (yet? max deltaT is 71.18)
2021-03-04 19:16:04 - eVOLVER - [INFO] - actual temperature doesn't match configuration (yet? max deltaT is 71.15)
2021-03-04 19:16:23 - eVOLVER - [INFO] - actual temperature doesn't match configuration (yet? max deltaT is 71.15)
2021-03-04 19:16:44 - eVOLVER - [INFO] - actual temperature doesn't match configuration (yet? max deltaT is 71.18)
2021-03-04 19:17:04 - eVOLVER - [INFO] - actual temperature doesn't match configuration (yet? max deltaT is 71.21)
2021-03-04 19:17:23 - eVOLVER - [INFO] - actual temperature doesn't match configuration (yet? max deltaT is 71.15)
2021-03-04 19:17:44 - eVOLVER - [INFO] - actual temperature doesn't match configuration (yet? max deltaT is 71.18)
2021-03-04 19:18:03 - eVOLVER - [INFO] - actual temperature doesn't match configuration (yet? max deltaT is 71.24)
2021-03-04 19:18:23 - eVOLVER - [INFO] - actual temperature doesn't match configuration (yet? max deltaT is 71.18)
2021-03-04 19:18:44 - eVOLVER - [INFO] - actual temperature doesn't match configuration (yet? max deltaT is 71.18)
2021-03-04 19:19:03 - eVOLVER - [INFO] - actual temperature doesn't match configuration (yet? max deltaT is 71.18)
2021-03-04 19:19:24 - eVOLVER - [INFO] - actual temperature doesn't match configuration (yet? max deltaT is 71.21)
2021-03-04 19:19:44 - eVOLVER - [INFO] - actual temperature doesn't match configuration (yet? max deltaT is 71.12)
2021-03-04 19:20:03 - eVOLVER - [INFO] - actual temperature doesn't match configuration (yet? max deltaT is 71.21)
2021-03-04 19:20:24 - eVOLVER - [INFO] - actual temperature doesn't match configuration (yet? max deltaT is 71.12)
2021-03-04 19:20:43 - eVOLVER - [INFO] - actual temperature doesn't match configuration (yet? max deltaT is 71.18)
2021-03-04 19:21:04 - eVOLVER - [INFO] - actual temperature doesn't match configuration (yet? max deltaT is 71.15)
2021-03-04 19:21:23 - eVOLVER - [INFO] - actual temperature doesn't match configuration (yet? max deltaT is 71.24)
2021-03-04 19:21:44 - eVOLVER - [INFO] - actual temperature doesn't match configuration (yet? max deltaT is 71.21)
2021-03-04 19:22:04 - eVOLVER - [INFO] - actual temperature doesn't match configuration (yet? max deltaT is 71.21)
2021-03-04 19:22:24 - eVOLVER - [INFO] - actual temperature doesn't match configuration (yet? max deltaT is 71.18)
2021-03-04 19:22:43 - eVOLVER - [INFO] - actual temperature doesn't match configuration (yet? max deltaT is 71.15)
2021-03-04 19:23:04 - eVOLVER - [INFO] - actual temperature doesn't match configuration (yet? max deltaT is 71.18)
2021-03-04 19:23:23 - eVOLVER - [INFO] - actual temperature doesn't match configuration (yet? max deltaT is 71.21)
2021-03-04 19:23:44 - eVOLVER - [INFO] - actual temperature doesn't match configuration (yet? max deltaT is 71.26)
2021-03-04 19:24:03 - eVOLVER - [INFO] - actual temperature doesn't match configuration (yet? max deltaT is 71.15)
2021-03-04 19:24:24 - eVOLVER - [INFO] - actual temperature doesn't match configuration (yet? max deltaT is 71.21)
2021-03-04 19:24:44 - eVOLVER - [INFO] - actual temperature doesn't match configuration (yet? max deltaT is 71.18)
2021-03-04 19:25:03 - eVOLVER - [INFO] - actual temperature doesn't match configuration (yet? max deltaT is 71.15)
2021-03-04 19:25:24 - eVOLVER - [INFO] - actual temperature doesn't match configuration (yet? max deltaT is 71.18)
2021-03-04 19:25:43 - eVOLVER - [INFO] - actual temperature doesn't match configuration (yet? max deltaT is 71.24)
2021-03-04 19:26:04 - eVOLVER - [INFO] - actual temperature doesn't match configuration (yet? max deltaT is 71.24)
2021-03-04 19:26:23 - eVOLVER - [INFO] - actual temperature doesn't match configuration (yet? max deltaT is 71.24)
2021-03-04 19:26:44 - eVOLVER - [INFO] - actual temperature doesn't match configuration (yet? max deltaT is 71.18)
2021-03-04 19:27:03 - eVOLVER - [INFO] - actual temperature doesn't match configuration (yet? max deltaT is 71.21)
2021-03-04 19:27:24 - eVOLVER - [INFO] - actual temperature doesn't match configuration (yet? max deltaT is 71.18)
2021-03-04 19:27:44 - eVOLVER - [INFO] - actual temperature doesn't match configuration (yet? max deltaT is 71.18)
2021-03-04 19:28:03 - eVOLVER - [INFO] - actual temperature doesn't match configuration (yet? max deltaT is 71.21)
2021-03-04 19:28:24 - eVOLVER - [INFO] - actual temperature doesn't match configuration (yet? max deltaT is 71.18)
2021-03-04 19:28:43 - eVOLVER - [INFO] - actual temperature doesn't match configuration (yet? max deltaT is 71.18)
2021-03-04 19:29:04 - eVOLVER - [INFO] - actual temperature doesn't match configuration (yet? max deltaT is 71.15)
2021-03-04 19:29:23 - eVOLVER - [INFO] - actual temperature doesn't match configuration (yet? max deltaT is 71.21)
2021-03-04 19:29:44 - eVOLVER - [INFO] - actual temperature doesn't match configuration (yet? max deltaT is 71.24)
2021-03-04 19:30:03 - eVOLVER - [INFO] - actual temperature doesn't match configuration (yet? max deltaT is 71.15)
2021-03-04 19:30:24 - eVOLVER - [INFO] - actual temperature doesn't match configuration (yet? max deltaT is 71.15)
2021-03-04 19:30:43 - eVOLVER - [INFO] - actual temperature doesn't match configuration (yet? max deltaT is 71.24)
2021-03-04 19:31:04 - eVOLVER - [INFO] - actual temperature doesn't match configuration (yet? max deltaT is 71.18)
2021-03-04 19:31:24 - eVOLVER - [INFO] - actual temperature doesn't match configuration (yet? max deltaT is 71.26)
2021-03-04 19:31:43 - eVOLVER - [INFO] - actual temperature doesn't match configuration (yet? max deltaT is 71.15)
2021-03-04 19:32:04 - eVOLVER - [INFO] - actual temperature doesn't match configuration (yet? max deltaT is 71.18)
2021-03-04 19:32:23 - eVOLVER - [INFO] - actual temperature doesn't match configuration (yet? max deltaT is 71.21)
2021-03-04 19:32:44 - eVOLVER - [INFO] - actual temperature doesn't match configuration (yet? max deltaT is 71.18)
2021-03-04 19:33:03 - eVOLVER - [INFO] - actual temperature doesn't match configuration (yet? max deltaT is 71.12)
2021-03-04 19:33:24 - eVOLVER - [INFO] - actual temperature doesn't match configuration (yet? max deltaT is 71.15)
2021-03-04 19:33:43 - eVOLVER - [INFO] - actual temperature doesn't match configuration (yet? max deltaT is 71.18)
2021-03-04 19:34:04 - eVOLVER - [INFO] - actual temperature doesn't match configuration (yet? max deltaT is 71.18)
2021-03-04 19:34:23 - eVOLVER - [INFO] - actual temperature doesn't match configuration (yet? max deltaT is 71.21)
2021-03-04 19:34:44 - eVOLVER - [INFO] - actual temperature doesn't match configuration (yet? max deltaT is 71.21)
2021-03-04 19:35:04 - eVOLVER - [INFO] - actual temperature doesn't match configuration (yet? max deltaT is 71.21)
2021-03-04 19:35:23 - eVOLVER - [INFO] - actual temperature doesn't match configuration (yet? max deltaT is 71.18)
2021-03-04 19:35:44 - eVOLVER - [INFO] - actual temperature doesn't match configuration (yet? max deltaT is 71.21)
2021-03-04 19:36:03 - eVOLVER - [INFO] - actual temperature doesn't match configuration (yet? max deltaT is 71.15)
2021-03-04 19:36:04 - eVOLVER - [INFO] - resetting connection to eVOLVER to avoid potential buildup of broadcast messages
2021-03-04 19:36:04 - eVOLVER - [INFO] - reconnected to eVOLVER as client
2021-03-05 17:16:06 - eVOLVER - [INFO] - actual temperature doesn't match configuration (yet? max deltaT is 71.18)
2021-03-05 17:16:21 - eVOLVER - [WARNING] - interrupt received, pausing experiment
2021-03-05 17:16:21 - eVOLVER - [INFO] - stopping all pumps
2021-03-05 17:16:27 - eVOLVER - [WARNING] - second interrupt received, terminating experiment
2021-03-05 17:16:27 - eVOLVER - [INFO] - stopping all pumps
2021-03-05 17:16:27 - eVOLVER - [WARNING] - experiment stopped, goodbye!
2021-03-05 17:16:27 - eVOLVER - [INFO] - stopping all pumps
