2021-08-19 18:14:43 - eVOLVER - [INFO] - actual temperature doesn't match configuration (yet? max deltaT is 11.00)
2021-08-19 18:14:43 - eVOLVER - [INFO] - user-defined operation mode od_calibration
2021-08-19 18:15:02 - eVOLVER - [INFO] - actual temperature doesn't match configuration (yet? max deltaT is 11.00)
2021-08-19 18:15:02 - eVOLVER - [INFO] - user-defined operation mode od_calibration
2021-08-19 18:15:22 - eVOLVER - [INFO] - actual temperature doesn't match configuration (yet? max deltaT is 11.00)
2021-08-19 18:15:22 - eVOLVER - [INFO] - user-defined operation mode od_calibration
2021-08-19 18:15:42 - eVOLVER - [INFO] - actual temperature doesn't match configuration (yet? max deltaT is 11.00)
2021-08-19 18:15:42 - eVOLVER - [INFO] - user-defined operation mode od_calibration
2021-08-19 18:16:02 - eVOLVER - [INFO] - actual temperature doesn't match configuration (yet? max deltaT is 11.00)
2021-08-19 18:16:03 - eVOLVER - [INFO] - user-defined operation mode od_calibration
2021-08-19 18:16:22 - eVOLVER - [INFO] - actual temperature doesn't match configuration (yet? max deltaT is 11.00)
2021-08-19 18:16:22 - eVOLVER - [INFO] - user-defined operation mode od_calibration
2021-08-19 18:16:43 - eVOLVER - [INFO] - actual temperature doesn't match configuration (yet? max deltaT is 11.00)
2021-08-19 18:16:43 - eVOLVER - [INFO] - user-defined operation mode od_calibration
2021-08-19 18:17:02 - eVOLVER - [INFO] - actual temperature doesn't match configuration (yet? max deltaT is 11.00)
2021-08-19 18:17:02 - eVOLVER - [INFO] - user-defined operation mode od_calibration
2021-08-19 18:17:23 - eVOLVER - [INFO] - actual temperature doesn't match configuration (yet? max deltaT is 11.00)
2021-08-19 18:17:23 - eVOLVER - [INFO] - user-defined operation mode od_calibration
2021-08-19 18:17:42 - eVOLVER - [INFO] - actual temperature doesn't match configuration (yet? max deltaT is 11.00)
2021-08-19 18:17:42 - eVOLVER - [INFO] - user-defined operation mode od_calibration
2021-08-19 18:17:42 - custom_script - [INFO] - turbidostat dilution for vial 0
2021-08-19 18:17:42 - custom_script - [INFO] - turbidostat dilution for vial 1
2021-08-19 18:17:42 - custom_script - [INFO] - turbidostat dilution for vial 2
2021-08-19 18:17:42 - custom_script - [INFO] - turbidostat dilution for vial 3
2021-08-19 18:17:42 - custom_script - [INFO] - turbidostat dilution for vial 4
2021-08-19 18:17:42 - custom_script - [INFO] - turbidostat dilution for vial 5
2021-08-19 18:17:42 - custom_script - [INFO] - turbidostat dilution for vial 6
2021-08-19 18:17:42 - custom_script - [INFO] - turbidostat dilution for vial 7
2021-08-19 18:17:42 - custom_script - [INFO] - turbidostat dilution for vial 8
2021-08-19 18:17:42 - custom_script - [INFO] - turbidostat dilution for vial 9
2021-08-19 18:17:42 - custom_script - [INFO] - turbidostat dilution for vial 10
2021-08-19 18:17:42 - custom_script - [INFO] - turbidostat dilution for vial 11
2021-08-19 18:17:42 - custom_script - [INFO] - turbidostat dilution for vial 12
2021-08-19 18:17:42 - custom_script - [INFO] - turbidostat dilution for vial 13
2021-08-19 18:17:42 - custom_script - [INFO] - turbidostat dilution for vial 14
2021-08-19 18:17:42 - custom_script - [INFO] - turbidostat dilution for vial 15
2021-08-19 18:18:02 - eVOLVER - [INFO] - actual temperature doesn't match configuration (yet? max deltaT is 11.00)
2021-08-19 18:18:02 - eVOLVER - [INFO] - user-defined operation mode od_calibration
2021-08-19 18:18:14 - eVOLVER - [WARNING] - interrupt received, pausing experiment
2021-08-19 18:18:14 - eVOLVER - [INFO] - stopping all pumps
2021-08-19 18:18:20 - eVOLVER - [WARNING] - second interrupt received, terminating experiment
2021-08-19 18:18:20 - eVOLVER - [INFO] - stopping all pumps
2021-08-19 18:18:20 - eVOLVER - [WARNING] - experiment stopped, goodbye!
2021-08-19 18:18:20 - eVOLVER - [INFO] - stopping all pumps
