2021-02-26 16:54:42 - eVOLVER - [INFO] - setting initial OD reading
2021-02-26 17:05:01 - eVOLVER - [INFO] - actual temperature doesn't match configuration (yet? max deltaT is 0.24)
2021-02-26 17:34:02 - eVOLVER - [INFO] - actual temperature doesn't match configuration (yet? max deltaT is 0.21)
2021-02-26 17:54:26 - eVOLVER - [INFO] - resetting connection to eVOLVER to avoid potential buildup of broadcast messages
2021-02-26 17:54:26 - eVOLVER - [INFO] - reconnected to eVOLVER as client
2021-02-26 18:03:42 - eVOLVER - [INFO] - actual temperature doesn't match configuration (yet? max deltaT is 0.22)
2021-02-26 18:04:22 - eVOLVER - [INFO] - actual temperature doesn't match configuration (yet? max deltaT is 0.21)
2021-02-26 18:54:27 - eVOLVER - [INFO] - resetting connection to eVOLVER to avoid potential buildup of broadcast messages
2021-02-26 18:54:27 - eVOLVER - [INFO] - reconnected to eVOLVER as client
2021-02-26 19:13:22 - eVOLVER - [INFO] - actual temperature doesn't match configuration (yet? max deltaT is 0.25)
2021-02-26 19:40:22 - eVOLVER - [INFO] - actual temperature doesn't match configuration (yet? max deltaT is 0.28)
2021-02-26 19:50:42 - eVOLVER - [INFO] - actual temperature doesn't match configuration (yet? max deltaT is 0.22)
2021-02-26 19:54:27 - eVOLVER - [INFO] - resetting connection to eVOLVER to avoid potential buildup of broadcast messages
2021-02-26 19:54:27 - eVOLVER - [INFO] - reconnected to eVOLVER as client
2021-02-26 20:54:28 - eVOLVER - [INFO] - resetting connection to eVOLVER to avoid potential buildup of broadcast messages
2021-02-26 20:54:28 - eVOLVER - [INFO] - reconnected to eVOLVER as client
2021-02-26 21:54:28 - eVOLVER - [INFO] - resetting connection to eVOLVER to avoid potential buildup of broadcast messages
2021-02-26 21:54:28 - eVOLVER - [INFO] - reconnected to eVOLVER as client
2021-02-26 22:13:42 - eVOLVER - [INFO] - actual temperature doesn't match configuration (yet? max deltaT is 0.25)
2021-02-26 22:54:28 - eVOLVER - [INFO] - resetting connection to eVOLVER to avoid potential buildup of broadcast messages
2021-02-26 22:54:28 - eVOLVER - [INFO] - reconnected to eVOLVER as client
2021-02-26 23:20:02 - eVOLVER - [INFO] - actual temperature doesn't match configuration (yet? max deltaT is 0.21)
2021-02-26 23:21:02 - eVOLVER - [INFO] - actual temperature doesn't match configuration (yet? max deltaT is 0.25)
2021-02-26 23:21:41 - custom_script - [INFO] - turbidostat dilution for vial 0
2021-02-26 23:22:02 - eVOLVER - [INFO] - actual temperature doesn't match configuration (yet? max deltaT is 0.36)
2021-02-26 23:22:22 - eVOLVER - [INFO] - actual temperature doesn't match configuration (yet? max deltaT is 1.08)
2021-02-26 23:22:42 - eVOLVER - [INFO] - actual temperature doesn't match configuration (yet? max deltaT is 1.31)
2021-02-26 23:23:01 - eVOLVER - [INFO] - actual temperature doesn't match configuration (yet? max deltaT is 1.36)
2021-02-26 23:23:22 - eVOLVER - [INFO] - actual temperature doesn't match configuration (yet? max deltaT is 1.28)
2021-02-26 23:23:42 - eVOLVER - [INFO] - actual temperature doesn't match configuration (yet? max deltaT is 1.16)
2021-02-26 23:24:01 - eVOLVER - [INFO] - actual temperature doesn't match configuration (yet? max deltaT is 1.05)
2021-02-26 23:24:22 - eVOLVER - [INFO] - actual temperature doesn't match configuration (yet? max deltaT is 0.88)
2021-02-26 23:24:42 - eVOLVER - [INFO] - actual temperature doesn't match configuration (yet? max deltaT is 0.82)
2021-02-26 23:25:01 - eVOLVER - [INFO] - actual temperature doesn't match configuration (yet? max deltaT is 0.65)
2021-02-26 23:25:21 - eVOLVER - [INFO] - actual temperature doesn't match configuration (yet? max deltaT is 0.45)
2021-02-26 23:25:42 - eVOLVER - [INFO] - actual temperature doesn't match configuration (yet? max deltaT is 0.39)
2021-02-26 23:26:02 - eVOLVER - [INFO] - actual temperature doesn't match configuration (yet? max deltaT is 0.22)
2021-02-26 23:54:29 - eVOLVER - [INFO] - resetting connection to eVOLVER to avoid potential buildup of broadcast messages
2021-02-26 23:54:29 - eVOLVER - [INFO] - reconnected to eVOLVER as client
2021-02-27 00:22:02 - eVOLVER - [INFO] - actual temperature doesn't match configuration (yet? max deltaT is 0.22)
2021-02-27 00:51:01 - eVOLVER - [INFO] - actual temperature doesn't match configuration (yet? max deltaT is 0.35)
2021-02-27 00:54:30 - eVOLVER - [INFO] - resetting connection to eVOLVER to avoid potential buildup of broadcast messages
2021-02-27 00:54:30 - eVOLVER - [INFO] - reconnected to eVOLVER as client
2021-02-27 01:15:22 - eVOLVER - [INFO] - actual temperature doesn't match configuration (yet? max deltaT is 0.22)
2021-02-27 01:54:31 - eVOLVER - [INFO] - resetting connection to eVOLVER to avoid potential buildup of broadcast messages
2021-02-27 01:54:31 - eVOLVER - [INFO] - reconnected to eVOLVER as client
2021-02-27 02:47:22 - eVOLVER - [INFO] - actual temperature doesn't match configuration (yet? max deltaT is 0.23)
2021-02-27 02:54:32 - eVOLVER - [INFO] - resetting connection to eVOLVER to avoid potential buildup of broadcast messages
2021-02-27 02:54:32 - eVOLVER - [INFO] - reconnected to eVOLVER as client
2021-02-27 03:11:22 - eVOLVER - [INFO] - actual temperature doesn't match configuration (yet? max deltaT is 0.25)
2021-02-27 03:54:32 - eVOLVER - [INFO] - resetting connection to eVOLVER to avoid potential buildup of broadcast messages
2021-02-27 03:54:32 - eVOLVER - [INFO] - reconnected to eVOLVER as client
2021-02-27 04:34:22 - eVOLVER - [INFO] - actual temperature doesn't match configuration (yet? max deltaT is 0.21)
2021-02-27 04:54:32 - eVOLVER - [INFO] - resetting connection to eVOLVER to avoid potential buildup of broadcast messages
2021-02-27 04:54:32 - eVOLVER - [INFO] - reconnected to eVOLVER as client
2021-02-27 05:02:02 - eVOLVER - [INFO] - actual temperature doesn't match configuration (yet? max deltaT is 0.45)
2021-02-27 05:54:33 - eVOLVER - [INFO] - resetting connection to eVOLVER to avoid potential buildup of broadcast messages
2021-02-27 05:54:33 - eVOLVER - [INFO] - reconnected to eVOLVER as client
2021-02-27 06:51:22 - eVOLVER - [INFO] - actual temperature doesn't match configuration (yet? max deltaT is 0.22)
2021-02-27 06:54:34 - eVOLVER - [INFO] - resetting connection to eVOLVER to avoid potential buildup of broadcast messages
2021-02-27 06:54:34 - eVOLVER - [INFO] - reconnected to eVOLVER as client
2021-02-27 06:58:01 - eVOLVER - [INFO] - actual temperature doesn't match configuration (yet? max deltaT is 0.22)
2021-02-27 07:54:34 - eVOLVER - [INFO] - resetting connection to eVOLVER to avoid potential buildup of broadcast messages
2021-02-27 07:54:34 - eVOLVER - [INFO] - reconnected to eVOLVER as client
2021-02-27 08:45:42 - eVOLVER - [INFO] - actual temperature doesn't match configuration (yet? max deltaT is 0.22)
2021-02-27 08:51:42 - eVOLVER - [INFO] - actual temperature doesn't match configuration (yet? max deltaT is 0.23)
2021-02-27 08:54:35 - eVOLVER - [INFO] - resetting connection to eVOLVER to avoid potential buildup of broadcast messages
2021-02-27 08:54:35 - eVOLVER - [INFO] - reconnected to eVOLVER as client
2021-02-27 09:54:35 - eVOLVER - [INFO] - resetting connection to eVOLVER to avoid potential buildup of broadcast messages
2021-02-27 09:54:35 - eVOLVER - [INFO] - reconnected to eVOLVER as client
2021-02-27 10:03:21 - eVOLVER - [INFO] - actual temperature doesn't match configuration (yet? max deltaT is 0.22)
2021-02-27 10:26:13 - eVOLVER - [INFO] - actual temperature doesn't match configuration (yet? max deltaT is 0.32)
2021-02-27 10:54:35 - eVOLVER - [INFO] - resetting connection to eVOLVER to avoid potential buildup of broadcast messages
2021-02-27 10:54:35 - eVOLVER - [INFO] - reconnected to eVOLVER as client
2021-02-27 10:57:02 - eVOLVER - [INFO] - actual temperature doesn't match configuration (yet? max deltaT is 0.21)
2021-02-27 11:25:02 - eVOLVER - [INFO] - actual temperature doesn't match configuration (yet? max deltaT is 0.25)
2021-02-27 11:40:42 - eVOLVER - [INFO] - actual temperature doesn't match configuration (yet? max deltaT is 0.22)
2021-02-27 11:54:36 - eVOLVER - [INFO] - resetting connection to eVOLVER to avoid potential buildup of broadcast messages
2021-02-27 11:54:36 - eVOLVER - [INFO] - reconnected to eVOLVER as client
2021-02-27 12:03:42 - eVOLVER - [INFO] - actual temperature doesn't match configuration (yet? max deltaT is 0.20)
2021-02-27 12:44:22 - eVOLVER - [INFO] - actual temperature doesn't match configuration (yet? max deltaT is 0.35)
2021-02-27 12:54:37 - eVOLVER - [INFO] - resetting connection to eVOLVER to avoid potential buildup of broadcast messages
2021-02-27 12:54:37 - eVOLVER - [INFO] - reconnected to eVOLVER as client
2021-02-27 13:47:22 - eVOLVER - [INFO] - actual temperature doesn't match configuration (yet? max deltaT is 0.22)
2021-02-27 13:54:38 - eVOLVER - [INFO] - resetting connection to eVOLVER to avoid potential buildup of broadcast messages
2021-02-27 13:54:38 - eVOLVER - [INFO] - reconnected to eVOLVER as client
2021-02-27 14:17:02 - eVOLVER - [INFO] - actual temperature doesn't match configuration (yet? max deltaT is 0.30)
2021-02-27 14:28:03 - eVOLVER - [INFO] - actual temperature doesn't match configuration (yet? max deltaT is 0.22)
2021-02-27 14:54:39 - eVOLVER - [INFO] - resetting connection to eVOLVER to avoid potential buildup of broadcast messages
2021-02-27 14:54:39 - eVOLVER - [INFO] - reconnected to eVOLVER as client
2021-02-27 15:54:40 - eVOLVER - [INFO] - resetting connection to eVOLVER to avoid potential buildup of broadcast messages
2021-02-27 15:54:40 - eVOLVER - [INFO] - reconnected to eVOLVER as client
2021-02-27 16:54:40 - eVOLVER - [INFO] - resetting connection to eVOLVER to avoid potential buildup of broadcast messages
2021-02-27 16:54:40 - eVOLVER - [INFO] - reconnected to eVOLVER as client
2021-02-27 17:22:21 - eVOLVER - [INFO] - actual temperature doesn't match configuration (yet? max deltaT is 0.23)
2021-02-27 17:54:41 - eVOLVER - [INFO] - resetting connection to eVOLVER to avoid potential buildup of broadcast messages
2021-02-27 17:54:41 - eVOLVER - [INFO] - reconnected to eVOLVER as client
2021-02-27 18:54:41 - eVOLVER - [INFO] - resetting connection to eVOLVER to avoid potential buildup of broadcast messages
2021-02-27 18:54:42 - eVOLVER - [INFO] - reconnected to eVOLVER as client
2021-02-27 19:37:02 - eVOLVER - [INFO] - actual temperature doesn't match configuration (yet? max deltaT is 0.21)
2021-02-27 19:54:42 - eVOLVER - [INFO] - resetting connection to eVOLVER to avoid potential buildup of broadcast messages
2021-02-27 19:54:42 - eVOLVER - [INFO] - reconnected to eVOLVER as client
2021-02-27 20:30:22 - eVOLVER - [INFO] - actual temperature doesn't match configuration (yet? max deltaT is 0.22)
2021-02-27 20:47:02 - eVOLVER - [INFO] - actual temperature doesn't match configuration (yet? max deltaT is 0.27)
2021-02-27 20:54:42 - eVOLVER - [INFO] - resetting connection to eVOLVER to avoid potential buildup of broadcast messages
2021-02-27 20:54:43 - eVOLVER - [INFO] - reconnected to eVOLVER as client
2021-02-27 21:54:43 - eVOLVER - [INFO] - resetting connection to eVOLVER to avoid potential buildup of broadcast messages
2021-02-27 21:54:43 - eVOLVER - [INFO] - reconnected to eVOLVER as client
2021-02-27 22:54:44 - eVOLVER - [INFO] - resetting connection to eVOLVER to avoid potential buildup of broadcast messages
2021-02-27 22:54:44 - eVOLVER - [INFO] - reconnected to eVOLVER as client
2021-02-27 23:21:42 - eVOLVER - [INFO] - actual temperature doesn't match configuration (yet? max deltaT is 0.22)
2021-02-27 23:54:44 - eVOLVER - [INFO] - resetting connection to eVOLVER to avoid potential buildup of broadcast messages
2021-02-27 23:54:44 - eVOLVER - [INFO] - reconnected to eVOLVER as client
2021-02-28 00:11:02 - eVOLVER - [INFO] - actual temperature doesn't match configuration (yet? max deltaT is 0.22)
2021-02-28 00:45:02 - eVOLVER - [INFO] - actual temperature doesn't match configuration (yet? max deltaT is 0.25)
2021-02-28 00:54:45 - eVOLVER - [INFO] - resetting connection to eVOLVER to avoid potential buildup of broadcast messages
2021-02-28 00:54:45 - eVOLVER - [INFO] - reconnected to eVOLVER as client
2021-02-28 01:21:02 - eVOLVER - [INFO] - actual temperature doesn't match configuration (yet? max deltaT is 0.22)
2021-02-28 01:27:42 - eVOLVER - [INFO] - actual temperature doesn't match configuration (yet? max deltaT is 0.41)
2021-02-28 01:54:46 - eVOLVER - [INFO] - resetting connection to eVOLVER to avoid potential buildup of broadcast messages
2021-02-28 01:54:46 - eVOLVER - [INFO] - reconnected to eVOLVER as client
2021-02-28 02:31:22 - eVOLVER - [INFO] - actual temperature doesn't match configuration (yet? max deltaT is 0.21)
2021-02-28 02:54:46 - eVOLVER - [INFO] - resetting connection to eVOLVER to avoid potential buildup of broadcast messages
2021-02-28 02:54:47 - eVOLVER - [INFO] - reconnected to eVOLVER as client
2021-02-28 03:54:48 - eVOLVER - [INFO] - resetting connection to eVOLVER to avoid potential buildup of broadcast messages
2021-02-28 03:54:48 - eVOLVER - [INFO] - reconnected to eVOLVER as client
2021-02-28 04:07:41 - eVOLVER - [INFO] - actual temperature doesn't match configuration (yet? max deltaT is 0.22)
2021-02-28 04:09:22 - eVOLVER - [INFO] - actual temperature doesn't match configuration (yet? max deltaT is 0.22)
2021-02-28 04:54:48 - eVOLVER - [INFO] - resetting connection to eVOLVER to avoid potential buildup of broadcast messages
2021-02-28 04:54:48 - eVOLVER - [INFO] - reconnected to eVOLVER as client
2021-02-28 05:43:02 - eVOLVER - [INFO] - actual temperature doesn't match configuration (yet? max deltaT is 0.22)
2021-02-28 05:54:48 - eVOLVER - [INFO] - resetting connection to eVOLVER to avoid potential buildup of broadcast messages
2021-02-28 05:54:48 - eVOLVER - [INFO] - reconnected to eVOLVER as client
2021-02-28 06:16:02 - eVOLVER - [INFO] - actual temperature doesn't match configuration (yet? max deltaT is 0.21)
2021-02-28 06:54:49 - eVOLVER - [INFO] - resetting connection to eVOLVER to avoid potential buildup of broadcast messages
2021-02-28 06:54:49 - eVOLVER - [INFO] - reconnected to eVOLVER as client
2021-02-28 07:34:22 - eVOLVER - [INFO] - actual temperature doesn't match configuration (yet? max deltaT is 0.21)
2021-02-28 07:54:49 - eVOLVER - [INFO] - resetting connection to eVOLVER to avoid potential buildup of broadcast messages
2021-02-28 07:54:49 - eVOLVER - [INFO] - reconnected to eVOLVER as client
2021-02-28 08:11:02 - eVOLVER - [INFO] - actual temperature doesn't match configuration (yet? max deltaT is 0.26)
2021-02-28 08:54:50 - eVOLVER - [INFO] - resetting connection to eVOLVER to avoid potential buildup of broadcast messages
2021-02-28 08:54:50 - eVOLVER - [INFO] - reconnected to eVOLVER as client
2021-02-28 09:54:51 - eVOLVER - [INFO] - resetting connection to eVOLVER to avoid potential buildup of broadcast messages
2021-02-28 09:54:51 - eVOLVER - [INFO] - reconnected to eVOLVER as client
2021-02-28 10:18:42 - eVOLVER - [INFO] - actual temperature doesn't match configuration (yet? max deltaT is 0.21)
2021-02-28 10:54:52 - eVOLVER - [INFO] - resetting connection to eVOLVER to avoid potential buildup of broadcast messages
2021-02-28 10:54:52 - eVOLVER - [INFO] - reconnected to eVOLVER as client
2021-02-28 11:36:02 - eVOLVER - [INFO] - actual temperature doesn't match configuration (yet? max deltaT is 0.26)
2021-02-28 11:54:52 - eVOLVER - [INFO] - resetting connection to eVOLVER to avoid potential buildup of broadcast messages
2021-02-28 11:54:52 - eVOLVER - [INFO] - reconnected to eVOLVER as client
2021-02-28 12:54:53 - eVOLVER - [INFO] - resetting connection to eVOLVER to avoid potential buildup of broadcast messages
2021-02-28 12:54:53 - eVOLVER - [INFO] - reconnected to eVOLVER as client
2021-02-28 13:15:21 - eVOLVER - [INFO] - actual temperature doesn't match configuration (yet? max deltaT is 0.21)
2021-02-28 13:54:53 - eVOLVER - [INFO] - resetting connection to eVOLVER to avoid potential buildup of broadcast messages
2021-02-28 13:54:53 - eVOLVER - [INFO] - reconnected to eVOLVER as client
2021-02-28 14:54:53 - eVOLVER - [INFO] - resetting connection to eVOLVER to avoid potential buildup of broadcast messages
2021-02-28 14:54:53 - eVOLVER - [INFO] - reconnected to eVOLVER as client
2021-02-28 15:18:43 - eVOLVER - [INFO] - actual temperature doesn't match configuration (yet? max deltaT is 0.25)
2021-02-28 15:31:02 - eVOLVER - [INFO] - actual temperature doesn't match configuration (yet? max deltaT is 0.41)
2021-02-28 15:54:54 - eVOLVER - [INFO] - resetting connection to eVOLVER to avoid potential buildup of broadcast messages
2021-02-28 15:54:54 - eVOLVER - [INFO] - reconnected to eVOLVER as client
2021-02-28 16:54:54 - eVOLVER - [INFO] - resetting connection to eVOLVER to avoid potential buildup of broadcast messages
2021-02-28 16:54:55 - eVOLVER - [INFO] - reconnected to eVOLVER as client
2021-02-28 17:54:55 - eVOLVER - [INFO] - resetting connection to eVOLVER to avoid potential buildup of broadcast messages
2021-02-28 17:54:55 - eVOLVER - [INFO] - reconnected to eVOLVER as client
2021-02-28 18:02:22 - eVOLVER - [INFO] - actual temperature doesn't match configuration (yet? max deltaT is 0.28)
2021-02-28 18:11:02 - eVOLVER - [INFO] - actual temperature doesn't match configuration (yet? max deltaT is 0.30)
2021-02-28 18:54:55 - eVOLVER - [INFO] - resetting connection to eVOLVER to avoid potential buildup of broadcast messages
2021-02-28 18:54:55 - eVOLVER - [INFO] - reconnected to eVOLVER as client
2021-02-28 19:14:22 - eVOLVER - [INFO] - actual temperature doesn't match configuration (yet? max deltaT is 0.21)
2021-02-28 19:24:42 - eVOLVER - [INFO] - actual temperature doesn't match configuration (yet? max deltaT is 0.20)
2021-02-28 19:39:42 - eVOLVER - [INFO] - actual temperature doesn't match configuration (yet? max deltaT is 0.25)
2021-02-28 19:54:56 - eVOLVER - [INFO] - resetting connection to eVOLVER to avoid potential buildup of broadcast messages
2021-02-28 19:54:56 - eVOLVER - [INFO] - reconnected to eVOLVER as client
2021-02-28 20:54:56 - eVOLVER - [INFO] - resetting connection to eVOLVER to avoid potential buildup of broadcast messages
2021-02-28 20:54:56 - eVOLVER - [INFO] - reconnected to eVOLVER as client
2021-02-28 21:14:21 - eVOLVER - [INFO] - actual temperature doesn't match configuration (yet? max deltaT is 0.21)
2021-02-28 21:54:57 - eVOLVER - [INFO] - resetting connection to eVOLVER to avoid potential buildup of broadcast messages
2021-02-28 21:54:57 - eVOLVER - [INFO] - reconnected to eVOLVER as client
2021-02-28 22:12:41 - eVOLVER - [INFO] - actual temperature doesn't match configuration (yet? max deltaT is 0.22)
2021-02-28 22:54:58 - eVOLVER - [INFO] - resetting connection to eVOLVER to avoid potential buildup of broadcast messages
2021-02-28 22:54:58 - eVOLVER - [INFO] - reconnected to eVOLVER as client
2021-02-28 23:02:22 - eVOLVER - [INFO] - actual temperature doesn't match configuration (yet? max deltaT is 0.22)
2021-02-28 23:02:41 - eVOLVER - [INFO] - actual temperature doesn't match configuration (yet? max deltaT is 0.33)
2021-02-28 23:49:22 - eVOLVER - [INFO] - actual temperature doesn't match configuration (yet? max deltaT is 0.22)
2021-02-28 23:54:59 - eVOLVER - [INFO] - resetting connection to eVOLVER to avoid potential buildup of broadcast messages
2021-02-28 23:54:59 - eVOLVER - [INFO] - reconnected to eVOLVER as client
2021-03-01 00:54:59 - eVOLVER - [INFO] - resetting connection to eVOLVER to avoid potential buildup of broadcast messages
2021-03-01 00:54:59 - eVOLVER - [INFO] - reconnected to eVOLVER as client
2021-03-01 01:54:59 - eVOLVER - [INFO] - resetting connection to eVOLVER to avoid potential buildup of broadcast messages
2021-03-01 01:54:59 - eVOLVER - [INFO] - reconnected to eVOLVER as client
2021-03-01 02:54:22 - eVOLVER - [INFO] - actual temperature doesn't match configuration (yet? max deltaT is 0.21)
2021-03-01 02:55:00 - eVOLVER - [INFO] - resetting connection to eVOLVER to avoid potential buildup of broadcast messages
2021-03-01 02:55:00 - eVOLVER - [INFO] - reconnected to eVOLVER as client
2021-03-01 03:30:22 - eVOLVER - [INFO] - actual temperature doesn't match configuration (yet? max deltaT is 0.22)
2021-03-01 03:55:00 - eVOLVER - [INFO] - resetting connection to eVOLVER to avoid potential buildup of broadcast messages
2021-03-01 03:55:00 - eVOLVER - [INFO] - reconnected to eVOLVER as client
2021-03-01 04:13:02 - eVOLVER - [INFO] - actual temperature doesn't match configuration (yet? max deltaT is 0.22)
2021-03-01 04:55:00 - eVOLVER - [INFO] - resetting connection to eVOLVER to avoid potential buildup of broadcast messages
2021-03-01 04:55:00 - eVOLVER - [INFO] - reconnected to eVOLVER as client
2021-03-01 05:55:01 - eVOLVER - [INFO] - resetting connection to eVOLVER to avoid potential buildup of broadcast messages
2021-03-01 05:55:01 - eVOLVER - [INFO] - reconnected to eVOLVER as client
2021-03-01 06:50:41 - eVOLVER - [INFO] - actual temperature doesn't match configuration (yet? max deltaT is 0.25)
2021-03-01 06:55:02 - eVOLVER - [INFO] - resetting connection to eVOLVER to avoid potential buildup of broadcast messages
2021-03-01 06:55:02 - eVOLVER - [INFO] - reconnected to eVOLVER as client
2021-03-01 07:16:41 - eVOLVER - [INFO] - actual temperature doesn't match configuration (yet? max deltaT is 0.22)
2021-03-01 07:34:22 - eVOLVER - [INFO] - actual temperature doesn't match configuration (yet? max deltaT is 0.21)
2021-03-01 07:44:22 - eVOLVER - [INFO] - actual temperature doesn't match configuration (yet? max deltaT is 0.34)
2021-03-01 07:55:02 - eVOLVER - [INFO] - resetting connection to eVOLVER to avoid potential buildup of broadcast messages
2021-03-01 07:55:02 - eVOLVER - [INFO] - reconnected to eVOLVER as client
2021-03-01 08:55:02 - eVOLVER - [INFO] - resetting connection to eVOLVER to avoid potential buildup of broadcast messages
2021-03-01 08:55:02 - eVOLVER - [INFO] - reconnected to eVOLVER as client
2021-03-01 09:41:00 - eVOLVER - [WARNING] - interrupt received, pausing experiment
2021-03-01 09:41:00 - eVOLVER - [INFO] - stopping all pumps
2021-03-01 09:41:01 - eVOLVER - [WARNING] - second interrupt received, terminating experiment
2021-03-01 09:41:01 - eVOLVER - [INFO] - stopping all pumps
2021-03-01 09:41:01 - eVOLVER - [WARNING] - experiment stopped, goodbye!
2021-03-01 09:41:01 - eVOLVER - [INFO] - stopping all pumps
