2021-03-09 17:40:39 - eVOLVER - [INFO] - actual temperature doesn't match configuration (yet? max deltaT is 71.15)
2021-03-09 17:40:39 - eVOLVER - [INFO] - setting initial OD reading
2021-03-09 17:40:58 - eVOLVER - [INFO] - actual temperature doesn't match configuration (yet? max deltaT is 71.12)
2021-03-09 17:41:18 - eVOLVER - [INFO] - actual temperature doesn't match configuration (yet? max deltaT is 71.18)
2021-03-09 17:41:38 - eVOLVER - [INFO] - actual temperature doesn't match configuration (yet? max deltaT is 71.18)
2021-03-09 17:41:58 - eVOLVER - [INFO] - actual temperature doesn't match configuration (yet? max deltaT is 71.21)
2021-03-09 17:42:18 - eVOLVER - [INFO] - actual temperature doesn't match configuration (yet? max deltaT is 71.15)
2021-03-09 17:42:38 - eVOLVER - [INFO] - actual temperature doesn't match configuration (yet? max deltaT is 71.18)
2021-03-09 17:42:57 - eVOLVER - [INFO] - actual temperature doesn't match configuration (yet? max deltaT is 71.21)
2021-03-09 17:43:18 - eVOLVER - [INFO] - actual temperature doesn't match configuration (yet? max deltaT is 71.15)
2021-03-09 17:43:38 - eVOLVER - [INFO] - actual temperature doesn't match configuration (yet? max deltaT is 71.21)
2021-03-09 17:43:58 - eVOLVER - [INFO] - actual temperature doesn't match configuration (yet? max deltaT is 71.15)
2021-03-09 17:44:18 - eVOLVER - [INFO] - actual temperature doesn't match configuration (yet? max deltaT is 71.21)
2021-03-09 17:44:38 - eVOLVER - [INFO] - actual temperature doesn't match configuration (yet? max deltaT is 71.15)
2021-03-09 17:44:58 - eVOLVER - [INFO] - actual temperature doesn't match configuration (yet? max deltaT is 71.15)
2021-03-09 17:45:18 - eVOLVER - [INFO] - actual temperature doesn't match configuration (yet? max deltaT is 71.15)
2021-03-09 17:45:38 - eVOLVER - [INFO] - actual temperature doesn't match configuration (yet? max deltaT is 71.15)
2021-03-09 17:45:57 - eVOLVER - [INFO] - actual temperature doesn't match configuration (yet? max deltaT is 71.15)
2021-03-09 17:46:18 - eVOLVER - [INFO] - actual temperature doesn't match configuration (yet? max deltaT is 71.21)
2021-03-09 17:46:37 - eVOLVER - [INFO] - actual temperature doesn't match configuration (yet? max deltaT is 71.18)
2021-03-09 17:46:58 - eVOLVER - [INFO] - actual temperature doesn't match configuration (yet? max deltaT is 71.15)
2021-03-09 17:47:18 - eVOLVER - [INFO] - actual temperature doesn't match configuration (yet? max deltaT is 71.21)
2021-03-09 17:47:38 - eVOLVER - [INFO] - actual temperature doesn't match configuration (yet? max deltaT is 71.15)
2021-03-09 17:47:58 - eVOLVER - [INFO] - actual temperature doesn't match configuration (yet? max deltaT is 71.15)
2021-03-09 17:48:18 - eVOLVER - [INFO] - actual temperature doesn't match configuration (yet? max deltaT is 71.18)
2021-03-09 17:48:38 - eVOLVER - [INFO] - actual temperature doesn't match configuration (yet? max deltaT is 71.18)
2021-03-09 17:48:58 - eVOLVER - [INFO] - actual temperature doesn't match configuration (yet? max deltaT is 71.18)
2021-03-09 17:49:18 - eVOLVER - [INFO] - actual temperature doesn't match configuration (yet? max deltaT is 71.18)
2021-03-09 17:49:37 - eVOLVER - [INFO] - actual temperature doesn't match configuration (yet? max deltaT is 71.18)
2021-03-09 17:49:58 - eVOLVER - [INFO] - actual temperature doesn't match configuration (yet? max deltaT is 71.18)
2021-03-09 17:50:17 - eVOLVER - [INFO] - actual temperature doesn't match configuration (yet? max deltaT is 71.21)
2021-03-09 17:50:38 - eVOLVER - [INFO] - actual temperature doesn't match configuration (yet? max deltaT is 71.24)
2021-03-09 17:50:58 - eVOLVER - [INFO] - actual temperature doesn't match configuration (yet? max deltaT is 71.18)
2021-03-09 17:51:18 - eVOLVER - [INFO] - actual temperature doesn't match configuration (yet? max deltaT is 71.24)
2021-03-09 17:51:38 - eVOLVER - [INFO] - actual temperature doesn't match configuration (yet? max deltaT is 71.21)
2021-03-09 17:51:58 - eVOLVER - [INFO] - actual temperature doesn't match configuration (yet? max deltaT is 71.15)
2021-03-09 17:52:18 - eVOLVER - [INFO] - actual temperature doesn't match configuration (yet? max deltaT is 71.21)
2021-03-09 17:52:38 - eVOLVER - [INFO] - actual temperature doesn't match configuration (yet? max deltaT is 71.15)
2021-03-09 17:52:58 - eVOLVER - [INFO] - actual temperature doesn't match configuration (yet? max deltaT is 71.21)
2021-03-09 17:53:18 - eVOLVER - [INFO] - actual temperature doesn't match configuration (yet? max deltaT is 71.21)
2021-03-09 17:53:38 - eVOLVER - [INFO] - actual temperature doesn't match configuration (yet? max deltaT is 71.15)
2021-03-09 17:53:45 - eVOLVER - [WARNING] - interrupt received, pausing experiment
2021-03-09 17:53:45 - eVOLVER - [INFO] - stopping all pumps
2021-03-09 17:53:51 - eVOLVER - [WARNING] - second interrupt received, terminating experiment
2021-03-09 17:53:51 - eVOLVER - [INFO] - stopping all pumps
2021-03-09 17:53:51 - eVOLVER - [WARNING] - experiment stopped, goodbye!
2021-03-09 17:53:51 - eVOLVER - [INFO] - stopping all pumps
